<?xml version="1.0" encoding="UTF-8"?>
<coverage generated="1754336372672" clover="3.2.0">
  <project timestamp="1754336372672" name="All files">
    <metrics statements="1420" coveredstatements="1420" conditionals="282" coveredconditionals="282" methods="148" coveredmethods="148" elements="1850" coveredelements="1850" complexity="0" loc="1420" ncloc="1420" packages="2" files="15" classes="15"/>
    <package name="server">
      <metrics statements="1357" coveredstatements="1357" conditionals="276" coveredconditionals="276" methods="142" coveredmethods="142"/>
      <file name="auth.ts" path="/home/andres/devx-op/monorepo/packages/confect/src/server/auth.ts">
        <metrics statements="26" coveredstatements="26" conditionals="6" coveredconditionals="6" methods="5" coveredmethods="5"/>
        <line num="2" count="1" type="stmt"/>
        <line num="4" count="1" type="cond" truecount="1" falsecount="0"/>
        <line num="5" count="60" type="stmt"/>
        <line num="7" count="60" type="cond" truecount="1" falsecount="0"/>
        <line num="8" count="60" type="stmt"/>
        <line num="9" count="60" type="stmt"/>
        <line num="10" count="60" type="stmt"/>
        <line num="11" count="60" type="stmt"/>
        <line num="12" count="60" type="cond" truecount="1" falsecount="0"/>
        <line num="13" count="60" type="stmt"/>
        <line num="14" count="60" type="stmt"/>
        <line num="15" count="60" type="stmt"/>
        <line num="16" count="60" type="stmt"/>
        <line num="17" count="60" type="stmt"/>
        <line num="18" count="60" type="stmt"/>
        <line num="20" count="1" type="stmt"/>
        <line num="23" count="1" type="cond" truecount="1" falsecount="0"/>
        <line num="24" count="8" type="cond" truecount="1" falsecount="0"/>
        <line num="25" count="8" type="stmt"/>
        <line num="27" count="1" type="stmt"/>
        <line num="28" count="1" type="stmt"/>
        <line num="29" count="1" type="stmt"/>
        <line num="30" count="1" type="cond" truecount="1" falsecount="0"/>
        <line num="31" count="6" type="stmt"/>
        <line num="32" count="6" type="stmt"/>
        <line num="33" count="1" type="stmt"/>
      </file>
      <file name="ctx.ts" path="/home/andres/devx-op/monorepo/packages/confect/src/server/ctx.ts">
        <metrics statements="13" coveredstatements="13" conditionals="3" coveredconditionals="3" methods="3" coveredmethods="3"/>
        <line num="7" count="1" type="stmt"/>
        <line num="9" count="1" type="cond" truecount="1" falsecount="0"/>
        <line num="10" count="14" type="stmt"/>
        <line num="11" count="14" type="stmt"/>
        <line num="12" count="14" type="stmt"/>
        <line num="14" count="1" type="cond" truecount="1" falsecount="0"/>
        <line num="15" count="14" type="stmt"/>
        <line num="16" count="14" type="stmt"/>
        <line num="17" count="14" type="stmt"/>
        <line num="19" count="1" type="cond" truecount="1" falsecount="0"/>
        <line num="20" count="18" type="stmt"/>
        <line num="21" count="18" type="stmt"/>
        <line num="22" count="18" type="stmt"/>
      </file>
      <file name="database.ts" path="/home/andres/devx-op/monorepo/packages/confect/src/server/database.ts">
        <metrics statements="421" coveredstatements="421" conditionals="81" coveredconditionals="81" methods="36" coveredmethods="36"/>
        <line num="28" count="1" type="stmt"/>
        <line num="54" count="1" type="stmt"/>
        <line num="64" count="1" type="stmt"/>
        <line num="69" count="1" type="cond" truecount="1" falsecount="0"/>
        <line num="72" count="41" type="stmt"/>
        <line num="73" count="41" type="stmt"/>
        <line num="80" count="41" type="stmt"/>
        <line num="86" count="41" type="stmt"/>
        <line num="87" count="41" type="cond" truecount="1" falsecount="0"/>
        <line num="91" count="23" type="stmt"/>
        <line num="92" count="23" type="stmt"/>
        <line num="93" count="23" type="stmt"/>
        <line num="94" count="23" type="stmt"/>
        <line num="95" count="23" type="stmt"/>
        <line num="97" count="23" type="stmt"/>
        <line num="101" count="23" type="stmt"/>
        <line num="102" count="23" type="stmt"/>
        <line num="103" count="23" type="cond" truecount="1" falsecount="0"/>
        <line num="104" count="23" type="cond" truecount="1" falsecount="0"/>
        <line num="105" count="2" type="stmt"/>
        <line num="106" count="2" type="stmt"/>
        <line num="107" count="2" type="stmt"/>
        <line num="108" count="2" type="cond" truecount="1" falsecount="0"/>
        <line num="109" count="21" type="stmt"/>
        <line num="110" count="21" type="stmt"/>
        <line num="111" count="21" type="stmt"/>
        <line num="112" count="21" type="stmt"/>
        <line num="114" count="23" type="stmt"/>
        <line num="117" count="23" type="stmt"/>
        <line num="118" count="23" type="stmt"/>
        <line num="119" count="41" type="stmt"/>
        <line num="120" count="41" type="stmt"/>
        <line num="122" count="1" type="cond" truecount="1" falsecount="0"/>
        <line num="125" count="48" type="stmt"/>
        <line num="127" count="48" type="stmt"/>
        <line num="129" count="1" type="cond" truecount="1" falsecount="0"/>
        <line num="132" count="41" type="stmt"/>
        <line num="133" count="41" type="stmt"/>
        <line num="141" count="41" type="stmt"/>
        <line num="142" count="41" type="stmt"/>
        <line num="143" count="41" type="stmt"/>
        <line num="144" count="41" type="stmt"/>
        <line num="146" count="1" type="cond" truecount="1" falsecount="0"/>
        <line num="149" count="12" type="stmt"/>
        <line num="150" count="12" type="stmt"/>
        <line num="157" count="12" type="stmt"/>
        <line num="161" count="12" type="cond" truecount="1" falsecount="0"/>
        <line num="164" count="2" type="stmt"/>
        <line num="165" count="2" type="stmt"/>
        <line num="169" count="2" type="cond" truecount="1" falsecount="0"/>
        <line num="170" count="2" type="stmt"/>
        <line num="171" count="2" type="stmt"/>
        <line num="172" count="2" type="stmt"/>
        <line num="174" count="2" type="stmt"/>
        <line num="175" count="2" type="stmt"/>
        <line num="176" count="2" type="stmt"/>
        <line num="177" count="2" type="stmt"/>
        <line num="178" count="2" type="stmt"/>
        <line num="180" count="2" type="cond" truecount="1" falsecount="0"/>
        <line num="181" count="2" type="stmt"/>
        <line num="182" count="2" type="stmt"/>
        <line num="183" count="2" type="stmt"/>
        <line num="192" count="2" type="stmt"/>
        <line num="193" count="2" type="stmt"/>
        <line num="195" count="2" type="stmt"/>
        <line num="196" count="2" type="stmt"/>
        <line num="198" count="12" type="cond" truecount="1" falsecount="0"/>
        <line num="201" count="4" type="stmt"/>
        <line num="202" count="4" type="stmt"/>
        <line num="203" count="4" type="stmt"/>
        <line num="207" count="4" type="cond" truecount="1" falsecount="0"/>
        <line num="208" count="4" type="stmt"/>
        <line num="209" count="4" type="stmt"/>
        <line num="210" count="4" type="stmt"/>
        <line num="212" count="4" type="stmt"/>
        <line num="213" count="4" type="stmt"/>
        <line num="217" count="4" type="stmt"/>
        <line num="218" count="4" type="stmt"/>
        <line num="219" count="4" type="stmt"/>
        <line num="220" count="4" type="stmt"/>
        <line num="221" count="4" type="cond" truecount="1" falsecount="0"/>
        <line num="223" count="3" type="stmt"/>
        <line num="224" count="3" type="stmt"/>
        <line num="225" count="3" type="cond" truecount="1" falsecount="0"/>
        <line num="226" count="3" type="cond" truecount="1" falsecount="0"/>
        <line num="227" count="1" type="cond" truecount="1" falsecount="0"/>
        <line num="228" count="2" type="stmt"/>
        <line num="229" count="3" type="stmt"/>
        <line num="230" count="3" type="stmt"/>
        <line num="231" count="3" type="cond" truecount="1" falsecount="0"/>
        <line num="233" count="2" type="cond" truecount="1" falsecount="0"/>
        <line num="234" count="2" type="stmt"/>
        <line num="235" count="2" type="stmt"/>
        <line num="236" count="2" type="stmt"/>
        <line num="245" count="2" type="stmt"/>
        <line num="246" count="2" type="stmt"/>
        <line num="247" count="4" type="stmt"/>
        <line num="249" count="12" type="cond" truecount="1" falsecount="0"/>
        <line num="252" count="1" type="stmt"/>
        <line num="253" count="1" type="stmt"/>
        <line num="254" count="1" type="stmt"/>
        <line num="258" count="1" type="cond" truecount="1" falsecount="0"/>
        <line num="259" count="1" type="stmt"/>
        <line num="260" count="1" type="stmt"/>
        <line num="261" count="1" type="stmt"/>
        <line num="263" count="1" type="stmt"/>
        <line num="264" count="1" type="stmt"/>
        <line num="268" count="1" type="stmt"/>
        <line num="270" count="1" type="cond" truecount="1" falsecount="0"/>
        <line num="271" count="1" type="stmt"/>
        <line num="272" count="1" type="stmt"/>
        <line num="273" count="1" type="stmt"/>
        <line num="282" count="1" type="stmt"/>
        <line num="283" count="1" type="stmt"/>
        <line num="284" count="1" type="stmt"/>
        <line num="286" count="12" type="cond" truecount="1" falsecount="0"/>
        <line num="289" count="2" type="stmt"/>
        <line num="290" count="2" type="stmt"/>
        <line num="291" count="2" type="cond" truecount="1" falsecount="0"/>
        <line num="293" count="12" type="stmt"/>
        <line num="294" count="12" type="stmt"/>
        <line num="295" count="12" type="stmt"/>
        <line num="296" count="12" type="stmt"/>
        <line num="297" count="12" type="stmt"/>
        <line num="298" count="12" type="stmt"/>
        <line num="299" count="12" type="stmt"/>
        <line num="301" count="1" type="cond" truecount="1" falsecount="0"/>
        <line num="304" count="19" type="stmt"/>
        <line num="306" count="19" type="stmt"/>
        <line num="308" count="1" type="cond" truecount="1" falsecount="0"/>
        <line num="311" count="12" type="stmt"/>
        <line num="312" count="12" type="stmt"/>
        <line num="320" count="12" type="stmt"/>
        <line num="321" count="12" type="stmt"/>
        <line num="322" count="12" type="stmt"/>
        <line num="323" count="12" type="stmt"/>
        <line num="417" count="1" type="cond" truecount="1" falsecount="0"/>
        <line num="426" count="23" type="stmt"/>
        <line num="427" count="23" type="stmt"/>
        <line num="428" count="23" type="stmt"/>
        <line num="429" count="23" type="stmt"/>
        <line num="438" count="23" type="cond" truecount="1" falsecount="0"/>
        <line num="443" count="2" type="stmt"/>
        <line num="444" count="2" type="stmt"/>
        <line num="454" count="2" type="stmt"/>
        <line num="455" count="2" type="stmt"/>
        <line num="456" count="2" type="stmt"/>
        <line num="458" count="2" type="stmt"/>
        <line num="459" count="2" type="cond" truecount="1" falsecount="0"/>
        <line num="460" count="2" type="stmt"/>
        <line num="461" count="2" type="stmt"/>
        <line num="462" count="2" type="cond" truecount="1" falsecount="0"/>
        <line num="463" count="2" type="stmt"/>
        <line num="464" count="2" type="stmt"/>
        <line num="465" count="2" type="stmt"/>
        <line num="466" count="2" type="cond" truecount="1" falsecount="0"/>
        <line num="467" count="2" type="stmt"/>
        <line num="468" count="2" type="stmt"/>
        <line num="469" count="2" type="stmt"/>
        <line num="470" count="2" type="stmt"/>
        <line num="471" count="2" type="stmt"/>
        <line num="472" count="2" type="stmt"/>
        <line num="473" count="2" type="cond" truecount="1" falsecount="0"/>
        <line num="474" count="1" type="stmt"/>
        <line num="475" count="1" type="stmt"/>
        <line num="476" count="1" type="stmt"/>
        <line num="477" count="1" type="stmt"/>
        <line num="478" count="1" type="stmt"/>
        <line num="479" count="2" type="stmt"/>
        <line num="480" count="2" type="stmt"/>
        <line num="481" count="2" type="stmt"/>
        <line num="482" count="2" type="stmt"/>
        <line num="483" count="2" type="stmt"/>
        <line num="485" count="23" type="cond" truecount="1" falsecount="0"/>
        <line num="486" count="11" type="stmt"/>
        <line num="487" count="11" type="stmt"/>
        <line num="488" count="11" type="cond" truecount="1" falsecount="0"/>
        <line num="489" count="9" type="stmt"/>
        <line num="491" count="9" type="stmt"/>
        <line num="492" count="9" type="stmt"/>
        <line num="493" count="9" type="stmt"/>
        <line num="494" count="9" type="stmt"/>
        <line num="495" count="9" type="stmt"/>
        <line num="496" count="11" type="cond" truecount="1" falsecount="0"/>
        <line num="497" count="2" type="stmt"/>
        <line num="499" count="2" type="stmt"/>
        <line num="500" count="2" type="stmt"/>
        <line num="503" count="2" type="stmt"/>
        <line num="504" count="2" type="stmt"/>
        <line num="505" count="2" type="stmt"/>
        <line num="506" count="11" type="stmt"/>
        <line num="508" count="23" type="cond" truecount="1" falsecount="0"/>
        <line num="513" count="11" type="stmt"/>
        <line num="514" count="11" type="stmt"/>
        <line num="526" count="11" type="stmt"/>
        <line num="527" count="11" type="stmt"/>
        <line num="528" count="11" type="stmt"/>
        <line num="529" count="11" type="stmt"/>
        <line num="530" count="11" type="stmt"/>
        <line num="531" count="11" type="stmt"/>
        <line num="541" count="11" type="cond" truecount="1" falsecount="0"/>
        <line num="542" count="8" type="stmt"/>
        <line num="543" count="8" type="cond" truecount="1" falsecount="0"/>
        <line num="544" count="8" type="cond" truecount="1" falsecount="0"/>
        <line num="545" count="8" type="cond" truecount="1" falsecount="0"/>
        <line num="546" count="3" type="cond" truecount="1" falsecount="0"/>
        <line num="547" count="2" type="cond" truecount="1" falsecount="0"/>
        <line num="548" count="1" type="stmt"/>
        <line num="549" count="1" type="cond" truecount="1" falsecount="0"/>
        <line num="550" count="1" type="stmt"/>
        <line num="551" count="1" type="cond" truecount="1" falsecount="0"/>
        <line num="552" count="1" type="cond" truecount="1" falsecount="0"/>
        <line num="553" count="1" type="stmt"/>
        <line num="554" count="1" type="cond" truecount="1" falsecount="0"/>
        <line num="555" count="1" type="stmt"/>
        <line num="556" count="1" type="cond" truecount="1" falsecount="0"/>
        <line num="557" count="1" type="cond" truecount="1" falsecount="0"/>
        <line num="558" count="1" type="stmt"/>
        <line num="559" count="1" type="cond" truecount="1" falsecount="0"/>
        <line num="560" count="1" type="cond" truecount="1" falsecount="0"/>
        <line num="561" count="1" type="stmt"/>
        <line num="563" count="11" type="stmt"/>
        <line num="564" count="11" type="stmt"/>
        <line num="565" count="11" type="stmt"/>
        <line num="566" count="11" type="stmt"/>
        <line num="567" count="11" type="stmt"/>
        <line num="569" count="11" type="stmt"/>
        <line num="570" count="11" type="stmt"/>
        <line num="571" count="11" type="stmt"/>
        <line num="572" count="11" type="stmt"/>
        <line num="573" count="11" type="stmt"/>
        <line num="574" count="11" type="stmt"/>
        <line num="576" count="23" type="cond" truecount="1" falsecount="0"/>
        <line num="577" count="1" type="stmt"/>
        <line num="578" count="1" type="stmt"/>
        <line num="579" count="1" type="stmt"/>
        <line num="580" count="1" type="stmt"/>
        <line num="581" count="1" type="stmt"/>
        <line num="582" count="1" type="stmt"/>
        <line num="583" count="1" type="stmt"/>
        <line num="585" count="23" type="stmt"/>
        <line num="586" count="23" type="stmt"/>
        <line num="587" count="23" type="stmt"/>
        <line num="588" count="23" type="stmt"/>
        <line num="589" count="23" type="stmt"/>
        <line num="590" count="23" type="stmt"/>
        <line num="592" count="1" type="stmt"/>
        <line num="593" count="1" type="cond" truecount="1" falsecount="0"/>
        <line num="602" count="13" type="stmt"/>
        <line num="603" count="13" type="stmt"/>
        <line num="604" count="13" type="stmt"/>
        <line num="606" count="13" type="cond" truecount="1" falsecount="0"/>
        <line num="607" count="13" type="stmt"/>
        <line num="608" count="13" type="cond" truecount="1" falsecount="0"/>
        <line num="609" count="13" type="stmt"/>
        <line num="610" count="13" type="cond" truecount="1" falsecount="0"/>
        <line num="611" count="13" type="stmt"/>
        <line num="612" count="13" type="stmt"/>
        <line num="613" count="13" type="stmt"/>
        <line num="646" count="1" type="cond" truecount="1" falsecount="0"/>
        <line num="650" count="12" type="stmt"/>
        <line num="651" count="12" type="stmt"/>
        <line num="652" count="12" type="stmt"/>
        <line num="653" count="12" type="stmt"/>
        <line num="658" count="12" type="stmt"/>
        <line num="659" count="12" type="stmt"/>
        <line num="660" count="12" type="stmt"/>
        <line num="662" count="12" type="cond" truecount="1" falsecount="0"/>
        <line num="663" count="11" type="stmt"/>
        <line num="665" count="12" type="cond" truecount="1" falsecount="0"/>
        <line num="666" count="1" type="stmt"/>
        <line num="668" count="12" type="cond" truecount="1" falsecount="0"/>
        <line num="669" count="6" type="stmt"/>
        <line num="670" count="6" type="stmt"/>
        <line num="671" count="6" type="stmt"/>
        <line num="672" count="6" type="stmt"/>
        <line num="673" count="6" type="cond" truecount="1" falsecount="0"/>
        <line num="674" count="6" type="stmt"/>
        <line num="676" count="12" type="cond" truecount="1" falsecount="0"/>
        <line num="677" count="3" type="stmt"/>
        <line num="679" count="12" type="cond" truecount="1" falsecount="0"/>
        <line num="680" count="1" type="cond" truecount="1" falsecount="0"/>
        <line num="681" count="1" type="cond" truecount="1" falsecount="0"/>
        <line num="682" count="1" type="stmt"/>
        <line num="683" count="1" type="stmt"/>
        <line num="685" count="1" type="stmt"/>
        <line num="686" count="1" type="stmt"/>
        <line num="687" count="1" type="stmt"/>
        <line num="688" count="1" type="stmt"/>
        <line num="690" count="1" type="stmt"/>
        <line num="691" count="1" type="stmt"/>
        <line num="692" count="1" type="stmt"/>
        <line num="693" count="1" type="stmt"/>
        <line num="702" count="1" type="stmt"/>
        <line num="703" count="1" type="stmt"/>
        <line num="705" count="12" type="stmt"/>
        <line num="706" count="12" type="stmt"/>
        <line num="707" count="12" type="stmt"/>
        <line num="708" count="12" type="stmt"/>
        <line num="709" count="12" type="stmt"/>
        <line num="710" count="12" type="stmt"/>
        <line num="711" count="12" type="stmt"/>
        <line num="712" count="12" type="stmt"/>
        <line num="718" count="1" type="stmt"/>
        <line num="743" count="1" type="stmt"/>
        <line num="744" count="1" type="cond" truecount="1" falsecount="0"/>
        <line num="748" count="6" type="stmt"/>
        <line num="749" count="6" type="stmt"/>
        <line num="750" count="6" type="stmt"/>
        <line num="755" count="6" type="cond" truecount="1" falsecount="0"/>
        <line num="761" count="6" type="stmt"/>
        <line num="763" count="6" type="stmt"/>
        <line num="764" count="6" type="stmt"/>
        <line num="765" count="6" type="stmt"/>
        <line num="766" count="6" type="cond" truecount="1" falsecount="0"/>
        <line num="767" count="1" type="cond" truecount="1" falsecount="0"/>
        <line num="768" count="1" type="stmt"/>
        <line num="769" count="1" type="stmt"/>
        <line num="771" count="1" type="stmt"/>
        <line num="772" count="1" type="stmt"/>
        <line num="773" count="1" type="stmt"/>
        <line num="774" count="1" type="stmt"/>
        <line num="775" count="1" type="stmt"/>
        <line num="776" count="1" type="stmt"/>
        <line num="777" count="6" type="stmt"/>
        <line num="778" count="6" type="cond" truecount="1" falsecount="0"/>
        <line num="780" count="5" type="stmt"/>
        <line num="781" count="6" type="stmt"/>
        <line num="782" count="1" type="stmt"/>
        <line num="784" count="1" type="stmt"/>
        <line num="809" count="1" type="stmt"/>
        <line num="810" count="1" type="cond" truecount="1" falsecount="0"/>
        <line num="814" count="33" type="stmt"/>
        <line num="815" count="33" type="stmt"/>
        <line num="816" count="33" type="stmt"/>
        <line num="821" count="33" type="cond" truecount="1" falsecount="0"/>
        <line num="822" count="33" type="stmt"/>
        <line num="823" count="33" type="stmt"/>
        <line num="824" count="33" type="stmt"/>
        <line num="825" count="33" type="stmt"/>
        <line num="827" count="33" type="stmt"/>
        <line num="828" count="33" type="stmt"/>
        <line num="830" count="33" type="stmt"/>
        <line num="831" count="33" type="stmt"/>
        <line num="832" count="33" type="stmt"/>
        <line num="833" count="33" type="cond" truecount="1" falsecount="0"/>
        <line num="834" count="1" type="cond" truecount="1" falsecount="0"/>
        <line num="835" count="1" type="stmt"/>
        <line num="836" count="1" type="stmt"/>
        <line num="838" count="1" type="stmt"/>
        <line num="839" count="1" type="stmt"/>
        <line num="840" count="1" type="stmt"/>
        <line num="841" count="1" type="stmt"/>
        <line num="842" count="1" type="stmt"/>
        <line num="843" count="1" type="stmt"/>
        <line num="844" count="33" type="stmt"/>
        <line num="845" count="33" type="cond" truecount="1" falsecount="0"/>
        <line num="847" count="32" type="stmt"/>
        <line num="848" count="33" type="stmt"/>
        <line num="849" count="1" type="stmt"/>
        <line num="855" count="1" type="stmt"/>
        <line num="856" count="1" type="stmt"/>
        <line num="857" count="1" type="stmt"/>
        <line num="858" count="1" type="stmt"/>
        <line num="859" count="1" type="stmt"/>
        <line num="860" count="1" type="stmt"/>
        <line num="861" count="1" type="stmt"/>
        <line num="862" count="1" type="cond" truecount="1" falsecount="0"/>
        <line num="863" count="6" type="stmt"/>
        <line num="864" count="6" type="stmt"/>
        <line num="865" count="1" type="stmt"/>
        <line num="867" count="1" type="stmt"/>
        <line num="868" count="1" type="stmt"/>
        <line num="869" count="1" type="stmt"/>
        <line num="870" count="1" type="stmt"/>
        <line num="871" count="1" type="stmt"/>
        <line num="872" count="1" type="stmt"/>
        <line num="873" count="1" type="cond" truecount="1" falsecount="0"/>
        <line num="874" count="8" type="stmt"/>
        <line num="875" count="8" type="stmt"/>
        <line num="876" count="8" type="stmt"/>
        <line num="877" count="8" type="stmt"/>
        <line num="878" count="8" type="stmt"/>
        <line num="879" count="8" type="stmt"/>
        <line num="880" count="1" type="stmt"/>
        <line num="882" count="1" type="stmt"/>
        <line num="883" count="1" type="stmt"/>
        <line num="884" count="1" type="stmt"/>
        <line num="885" count="1" type="stmt"/>
        <line num="886" count="1" type="stmt"/>
        <line num="887" count="1" type="stmt"/>
        <line num="888" count="1" type="stmt"/>
        <line num="889" count="1" type="cond" truecount="1" falsecount="0"/>
        <line num="890" count="2" type="stmt"/>
        <line num="891" count="2" type="stmt"/>
        <line num="892" count="2" type="stmt"/>
        <line num="893" count="2" type="stmt"/>
        <line num="894" count="2" type="stmt"/>
        <line num="895" count="2" type="stmt"/>
        <line num="896" count="1" type="stmt"/>
        <line num="898" count="1" type="stmt"/>
        <line num="899" count="1" type="stmt"/>
        <line num="900" count="1" type="stmt"/>
        <line num="901" count="1" type="stmt"/>
        <line num="902" count="1" type="stmt"/>
        <line num="903" count="1" type="stmt"/>
        <line num="904" count="1" type="stmt"/>
        <line num="905" count="1" type="cond" truecount="1" falsecount="0"/>
        <line num="906" count="6" type="stmt"/>
        <line num="907" count="6" type="stmt"/>
        <line num="908" count="6" type="stmt"/>
        <line num="909" count="6" type="stmt"/>
        <line num="910" count="6" type="stmt"/>
        <line num="911" count="6" type="stmt"/>
        <line num="912" count="1" type="stmt"/>
        <line num="914" count="1" type="cond" truecount="1" falsecount="0"/>
        <line num="915" count="16" type="stmt"/>
        <line num="916" count="16" type="stmt"/>
        <line num="917" count="16" type="stmt"/>
        <line num="918" count="16" type="stmt"/>
        <line num="922" count="16" type="stmt"/>
      </file>
      <file name="functions.ts" path="/home/andres/devx-op/monorepo/packages/confect/src/server/functions.ts">
        <metrics statements="192" coveredstatements="192" conditionals="19" coveredconditionals="19" methods="13" coveredmethods="13"/>
        <line num="1" count="1" type="stmt"/>
        <line num="16" count="1" type="stmt"/>
        <line num="18" count="1" type="stmt"/>
        <line num="19" count="1" type="stmt"/>
        <line num="21" count="1" type="stmt"/>
        <line num="27" count="1" type="stmt"/>
        <line num="35" count="1" type="stmt"/>
        <line num="41" count="1" type="stmt"/>
        <line num="42" count="1" type="stmt"/>
        <line num="47" count="1" type="stmt"/>
        <line num="52" count="1" type="cond" truecount="1" falsecount="0"/>
        <line num="55" count="7" type="stmt"/>
        <line num="56" count="7" type="stmt"/>
        <line num="59" count="7" type="stmt"/>
        <line num="60" count="7" type="stmt"/>
        <line num="61" count="7" type="stmt"/>
        <line num="62" count="7" type="stmt"/>
        <line num="68" count="7" type="stmt"/>
        <line num="70" count="7" type="stmt"/>
        <line num="72" count="7" type="stmt"/>
        <line num="75" count="7" type="cond" truecount="1" falsecount="0"/>
        <line num="81" count="19" type="stmt"/>
        <line num="82" count="19" type="stmt"/>
        <line num="83" count="19" type="stmt"/>
        <line num="84" count="19" type="stmt"/>
        <line num="85" count="19" type="stmt"/>
        <line num="100" count="19" type="stmt"/>
        <line num="102" count="7" type="cond" truecount="1" falsecount="0"/>
        <line num="108" count="1" type="stmt"/>
        <line num="109" count="1" type="stmt"/>
        <line num="110" count="1" type="stmt"/>
        <line num="111" count="1" type="stmt"/>
        <line num="112" count="1" type="stmt"/>
        <line num="127" count="1" type="stmt"/>
        <line num="129" count="7" type="cond" truecount="1" falsecount="0"/>
        <line num="135" count="20" type="stmt"/>
        <line num="136" count="20" type="stmt"/>
        <line num="137" count="20" type="stmt"/>
        <line num="138" count="20" type="stmt"/>
        <line num="139" count="20" type="stmt"/>
        <line num="153" count="20" type="stmt"/>
        <line num="154" count="20" type="stmt"/>
        <line num="155" count="20" type="stmt"/>
        <line num="156" count="20" type="cond" truecount="1" falsecount="0"/>
        <line num="157" count="29" type="stmt"/>
        <line num="158" count="29" type="stmt"/>
        <line num="160" count="29" type="stmt"/>
        <line num="161" count="29" type="stmt"/>
        <line num="162" count="29" type="stmt"/>
        <line num="163" count="29" type="stmt"/>
        <line num="164" count="29" type="cond" truecount="1" falsecount="0"/>
        <line num="165" count="29" type="stmt"/>
        <line num="166" count="29" type="stmt"/>
        <line num="167" count="29" type="stmt"/>
        <line num="168" count="29" type="stmt"/>
        <line num="169" count="29" type="stmt"/>
        <line num="170" count="29" type="stmt"/>
        <line num="171" count="29" type="stmt"/>
        <line num="172" count="29" type="stmt"/>
        <line num="173" count="29" type="stmt"/>
        <line num="174" count="29" type="stmt"/>
        <line num="175" count="29" type="stmt"/>
        <line num="176" count="29" type="stmt"/>
        <line num="177" count="29" type="stmt"/>
        <line num="178" count="29" type="cond" truecount="1" falsecount="0"/>
        <line num="179" count="25" type="stmt"/>
        <line num="180" count="29" type="stmt"/>
        <line num="181" count="29" type="stmt"/>
        <line num="182" count="29" type="stmt"/>
        <line num="183" count="20" type="stmt"/>
        <line num="185" count="7" type="cond" truecount="1" falsecount="0"/>
        <line num="191" count="9" type="stmt"/>
        <line num="192" count="9" type="stmt"/>
        <line num="193" count="9" type="stmt"/>
        <line num="194" count="9" type="stmt"/>
        <line num="195" count="9" type="stmt"/>
        <line num="214" count="9" type="stmt"/>
        <line num="216" count="7" type="cond" truecount="1" falsecount="0"/>
        <line num="222" count="1" type="stmt"/>
        <line num="223" count="1" type="stmt"/>
        <line num="224" count="1" type="stmt"/>
        <line num="225" count="1" type="stmt"/>
        <line num="226" count="1" type="stmt"/>
        <line num="245" count="1" type="stmt"/>
        <line num="246" count="1" type="stmt"/>
        <line num="247" count="1" type="stmt"/>
        <line num="249" count="7" type="cond" truecount="1" falsecount="0"/>
        <line num="255" count="10" type="stmt"/>
        <line num="256" count="10" type="stmt"/>
        <line num="257" count="10" type="stmt"/>
        <line num="258" count="10" type="stmt"/>
        <line num="259" count="10" type="stmt"/>
        <line num="277" count="10" type="stmt"/>
        <line num="278" count="10" type="stmt"/>
        <line num="279" count="10" type="stmt"/>
        <line num="280" count="10" type="cond" truecount="1" falsecount="0"/>
        <line num="281" count="12" type="stmt"/>
        <line num="282" count="12" type="stmt"/>
        <line num="284" count="12" type="stmt"/>
        <line num="285" count="12" type="stmt"/>
        <line num="286" count="12" type="stmt"/>
        <line num="287" count="12" type="stmt"/>
        <line num="288" count="12" type="cond" truecount="1" falsecount="0"/>
        <line num="289" count="12" type="stmt"/>
        <line num="290" count="12" type="stmt"/>
        <line num="291" count="12" type="stmt"/>
        <line num="292" count="12" type="stmt"/>
        <line num="293" count="12" type="stmt"/>
        <line num="294" count="12" type="stmt"/>
        <line num="295" count="12" type="stmt"/>
        <line num="296" count="12" type="stmt"/>
        <line num="297" count="12" type="stmt"/>
        <line num="298" count="12" type="stmt"/>
        <line num="299" count="12" type="stmt"/>
        <line num="300" count="12" type="stmt"/>
        <line num="301" count="12" type="stmt"/>
        <line num="302" count="12" type="stmt"/>
        <line num="303" count="12" type="stmt"/>
        <line num="304" count="12" type="stmt"/>
        <line num="305" count="12" type="stmt"/>
        <line num="306" count="12" type="cond" truecount="1" falsecount="0"/>
        <line num="307" count="9" type="stmt"/>
        <line num="308" count="12" type="stmt"/>
        <line num="309" count="12" type="stmt"/>
        <line num="310" count="12" type="stmt"/>
        <line num="311" count="10" type="stmt"/>
        <line num="313" count="7" type="cond" truecount="1" falsecount="0"/>
        <line num="319" count="10" type="stmt"/>
        <line num="320" count="10" type="stmt"/>
        <line num="321" count="10" type="stmt"/>
        <line num="322" count="10" type="stmt"/>
        <line num="323" count="10" type="stmt"/>
        <line num="343" count="10" type="stmt"/>
        <line num="345" count="7" type="cond" truecount="1" falsecount="0"/>
        <line num="351" count="1" type="stmt"/>
        <line num="352" count="1" type="stmt"/>
        <line num="353" count="1" type="stmt"/>
        <line num="354" count="1" type="stmt"/>
        <line num="355" count="1" type="stmt"/>
        <line num="375" count="1" type="stmt"/>
        <line num="377" count="7" type="cond" truecount="1" falsecount="0"/>
        <line num="383" count="11" type="stmt"/>
        <line num="384" count="11" type="stmt"/>
        <line num="385" count="11" type="stmt"/>
        <line num="386" count="11" type="stmt"/>
        <line num="387" count="11" type="stmt"/>
        <line num="406" count="11" type="stmt"/>
        <line num="407" count="11" type="stmt"/>
        <line num="408" count="11" type="stmt"/>
        <line num="409" count="11" type="cond" truecount="1" falsecount="0"/>
        <line num="410" count="15" type="stmt"/>
        <line num="411" count="15" type="stmt"/>
        <line num="413" count="15" type="stmt"/>
        <line num="414" count="15" type="stmt"/>
        <line num="415" count="15" type="stmt"/>
        <line num="416" count="15" type="stmt"/>
        <line num="417" count="15" type="cond" truecount="1" falsecount="0"/>
        <line num="418" count="15" type="stmt"/>
        <line num="419" count="15" type="stmt"/>
        <line num="420" count="15" type="stmt"/>
        <line num="421" count="15" type="stmt"/>
        <line num="422" count="15" type="stmt"/>
        <line num="423" count="15" type="stmt"/>
        <line num="424" count="15" type="stmt"/>
        <line num="425" count="15" type="stmt"/>
        <line num="426" count="15" type="stmt"/>
        <line num="427" count="15" type="stmt"/>
        <line num="428" count="15" type="stmt"/>
        <line num="429" count="15" type="stmt"/>
        <line num="430" count="15" type="stmt"/>
        <line num="431" count="15" type="stmt"/>
        <line num="432" count="15" type="stmt"/>
        <line num="433" count="15" type="stmt"/>
        <line num="434" count="15" type="stmt"/>
        <line num="435" count="15" type="stmt"/>
        <line num="436" count="15" type="cond" truecount="1" falsecount="0"/>
        <line num="437" count="12" type="stmt"/>
        <line num="438" count="15" type="stmt"/>
        <line num="439" count="15" type="stmt"/>
        <line num="440" count="15" type="stmt"/>
        <line num="441" count="11" type="stmt"/>
        <line num="443" count="7" type="stmt"/>
        <line num="444" count="7" type="stmt"/>
        <line num="445" count="7" type="stmt"/>
        <line num="446" count="7" type="stmt"/>
        <line num="447" count="7" type="stmt"/>
        <line num="448" count="7" type="stmt"/>
        <line num="449" count="7" type="stmt"/>
        <line num="450" count="7" type="stmt"/>
        <line num="451" count="7" type="stmt"/>
        <line num="452" count="7" type="stmt"/>
        <line num="453" count="7" type="stmt"/>
      </file>
      <file name="http.ts" path="/home/andres/devx-op/monorepo/packages/confect/src/server/http.ts">
        <metrics statements="115" coveredstatements="115" conditionals="12" coveredconditionals="12" methods="8" coveredmethods="8"/>
        <line num="1" count="1" type="stmt"/>
        <line num="9" count="1" type="stmt"/>
        <line num="18" count="1" type="stmt"/>
        <line num="19" count="1" type="stmt"/>
        <line num="20" count="1" type="stmt"/>
        <line num="21" count="1" type="stmt"/>
        <line num="29" count="1" type="stmt"/>
        <line num="30" count="1" type="stmt"/>
        <line num="43" count="1" type="stmt"/>
        <line num="44" count="1" type="cond" truecount="1" falsecount="0"/>
        <line num="45" count="2" type="stmt"/>
        <line num="46" count="2" type="stmt"/>
        <line num="47" count="2" type="stmt"/>
        <line num="48" count="2" type="stmt"/>
        <line num="49" count="2" type="stmt"/>
        <line num="67" count="2" type="cond" truecount="1" falsecount="0"/>
        <line num="68" count="4" type="stmt"/>
        <line num="69" count="4" type="stmt"/>
        <line num="70" count="4" type="stmt"/>
        <line num="71" count="4" type="stmt"/>
        <line num="72" count="4" type="stmt"/>
        <line num="73" count="4" type="stmt"/>
        <line num="74" count="4" type="stmt"/>
        <line num="75" count="4" type="stmt"/>
        <line num="76" count="4" type="stmt"/>
        <line num="77" count="4" type="stmt"/>
        <line num="78" count="4" type="stmt"/>
        <line num="79" count="4" type="stmt"/>
        <line num="80" count="4" type="stmt"/>
        <line num="81" count="4" type="stmt"/>
        <line num="82" count="4" type="stmt"/>
        <line num="84" count="4" type="stmt"/>
        <line num="85" count="4" type="stmt"/>
        <line num="86" count="4" type="stmt"/>
        <line num="87" count="4" type="stmt"/>
        <line num="88" count="4" type="stmt"/>
        <line num="89" count="4" type="stmt"/>
        <line num="90" count="4" type="stmt"/>
        <line num="92" count="4" type="stmt"/>
        <line num="93" count="4" type="stmt"/>
        <line num="94" count="4" type="stmt"/>
        <line num="95" count="4" type="stmt"/>
        <line num="96" count="4" type="stmt"/>
        <line num="98" count="4" type="stmt"/>
        <line num="100" count="4" type="stmt"/>
        <line num="101" count="4" type="stmt"/>
        <line num="103" count="1" type="cond" truecount="1" falsecount="0"/>
        <line num="104" count="2" type="stmt"/>
        <line num="105" count="2" type="stmt"/>
        <line num="106" count="2" type="stmt"/>
        <line num="107" count="2" type="stmt"/>
        <line num="108" count="2" type="stmt"/>
        <line num="126" count="2" type="stmt"/>
        <line num="127" count="2" type="stmt"/>
        <line num="128" count="2" type="stmt"/>
        <line num="129" count="2" type="stmt"/>
        <line num="130" count="2" type="stmt"/>
        <line num="131" count="2" type="stmt"/>
        <line num="132" count="2" type="stmt"/>
        <line num="136" count="2" type="stmt"/>
        <line num="157" count="1" type="stmt"/>
        <line num="158" count="1" type="cond" truecount="1" falsecount="0"/>
        <line num="159" count="2" type="stmt"/>
        <line num="160" count="2" type="stmt"/>
        <line num="161" count="2" type="stmt"/>
        <line num="162" count="2" type="stmt"/>
        <line num="163" count="2" type="stmt"/>
        <line num="181" count="2" type="cond" truecount="1" falsecount="0"/>
        <line num="182" count="2" type="stmt"/>
        <line num="183" count="2" type="stmt"/>
        <line num="184" count="2" type="stmt"/>
        <line num="185" count="2" type="stmt"/>
        <line num="186" count="2" type="stmt"/>
        <line num="187" count="2" type="stmt"/>
        <line num="189" count="2" type="cond" truecount="1" falsecount="0"/>
        <line num="190" count="12" type="stmt"/>
        <line num="191" count="12" type="stmt"/>
        <line num="192" count="12" type="stmt"/>
        <line num="193" count="12" type="stmt"/>
        <line num="194" count="12" type="stmt"/>
        <line num="195" count="12" type="stmt"/>
        <line num="196" count="2" type="stmt"/>
        <line num="198" count="2" type="stmt"/>
        <line num="199" count="2" type="stmt"/>
        <line num="203" count="1" type="cond" truecount="1" falsecount="0"/>
        <line num="204" count="1" type="stmt"/>
        <line num="205" count="1" type="stmt"/>
        <line num="206" count="1" type="stmt"/>
        <line num="208" count="1" type="stmt"/>
        <line num="209" count="1" type="stmt"/>
        <line num="210" count="1" type="stmt"/>
        <line num="211" count="1" type="stmt"/>
        <line num="212" count="1" type="stmt"/>
        <line num="213" count="1" type="cond" truecount="1" falsecount="0"/>
        <line num="214" count="2" type="stmt"/>
        <line num="215" count="2" type="stmt"/>
        <line num="216" count="2" type="stmt"/>
        <line num="217" count="2" type="stmt"/>
        <line num="218" count="2" type="stmt"/>
        <line num="219" count="1" type="stmt"/>
        <line num="220" count="1" type="stmt"/>
        <line num="221" count="1" type="stmt"/>
        <line num="223" count="1" type="cond" truecount="1" falsecount="0"/>
        <line num="227" count="1" type="stmt"/>
        <line num="228" count="1" type="cond" truecount="1" falsecount="0"/>
        <line num="229" count="8" type="stmt"/>
        <line num="230" count="8" type="stmt"/>
        <line num="231" count="1" type="cond" truecount="1" falsecount="0"/>
        <line num="232" count="8" type="stmt"/>
        <line num="233" count="8" type="stmt"/>
        <line num="234" count="1" type="stmt"/>
        <line num="236" count="1" type="stmt"/>
        <line num="237" count="1" type="cond" truecount="1" falsecount="0"/>
        <line num="238" count="1" type="stmt"/>
        <line num="239" count="1" type="stmt"/>
      </file>
      <file name="runners.ts" path="/home/andres/devx-op/monorepo/packages/confect/src/server/runners.ts">
        <metrics statements="34" coveredstatements="34" conditionals="12" coveredconditionals="12" methods="6" coveredmethods="6"/>
        <line num="8" count="1" type="stmt"/>
        <line num="10" count="1" type="stmt"/>
        <line num="11" count="1" type="cond" truecount="1" falsecount="0"/>
        <line num="12" count="60" type="cond" truecount="1" falsecount="0"/>
        <line num="13" count="6" type="stmt"/>
        <line num="14" count="6" type="stmt"/>
        <line num="17" count="6" type="cond" truecount="1" falsecount="0"/>
        <line num="19" count="1" type="stmt"/>
        <line num="20" count="1" type="cond" truecount="1" falsecount="0"/>
        <line num="21" count="31" type="cond" truecount="1" falsecount="0"/>
        <line num="22" count="1" type="stmt"/>
        <line num="23" count="1" type="stmt"/>
        <line num="26" count="1" type="cond" truecount="1" falsecount="0"/>
        <line num="28" count="1" type="stmt"/>
        <line num="29" count="1" type="cond" truecount="1" falsecount="0"/>
        <line num="30" count="19" type="cond" truecount="1" falsecount="0"/>
        <line num="31" count="1" type="stmt"/>
        <line num="32" count="1" type="stmt"/>
        <line num="35" count="1" type="cond" truecount="1" falsecount="0"/>
        <line num="37" count="1" type="stmt"/>
        <line num="39" count="1" type="stmt"/>
        <line num="42" count="1" type="cond" truecount="1" falsecount="0"/>
        <line num="43" count="60" type="stmt"/>
        <line num="44" count="60" type="stmt"/>
        <line num="46" count="1" type="stmt"/>
        <line num="48" count="1" type="stmt"/>
        <line num="51" count="1" type="cond" truecount="1" falsecount="0"/>
        <line num="52" count="31" type="stmt"/>
        <line num="53" count="31" type="stmt"/>
        <line num="55" count="1" type="stmt"/>
        <line num="57" count="1" type="stmt"/>
        <line num="60" count="1" type="cond" truecount="1" falsecount="0"/>
        <line num="61" count="19" type="stmt"/>
        <line num="62" count="19" type="stmt"/>
      </file>
      <file name="scheduler.ts" path="/home/andres/devx-op/monorepo/packages/confect/src/server/scheduler.ts">
        <metrics statements="29" coveredstatements="29" conditionals="7" coveredconditionals="7" methods="5" coveredmethods="5"/>
        <line num="6" count="1" type="stmt"/>
        <line num="8" count="1" type="cond" truecount="1" falsecount="0"/>
        <line num="9" count="31" type="cond" truecount="1" falsecount="0"/>
        <line num="10" count="1" type="stmt"/>
        <line num="11" count="1" type="stmt"/>
        <line num="12" count="1" type="stmt"/>
        <line num="13" count="1" type="stmt"/>
        <line num="14" count="1" type="stmt"/>
        <line num="17" count="1" type="cond" truecount="1" falsecount="0"/>
        <line num="18" count="1" type="stmt"/>
        <line num="19" count="1" type="stmt"/>
        <line num="20" count="1" type="stmt"/>
        <line num="21" count="31" type="cond" truecount="1" falsecount="0"/>
        <line num="22" count="1" type="stmt"/>
        <line num="23" count="1" type="stmt"/>
        <line num="24" count="1" type="stmt"/>
        <line num="25" count="1" type="stmt"/>
        <line num="26" count="1" type="stmt"/>
        <line num="29" count="1" type="cond" truecount="1" falsecount="0"/>
        <line num="30" count="1" type="stmt"/>
        <line num="31" count="1" type="stmt"/>
        <line num="32" count="1" type="stmt"/>
        <line num="33" count="31" type="stmt"/>
        <line num="35" count="1" type="stmt"/>
        <line num="36" count="1" type="stmt"/>
        <line num="37" count="1" type="cond" truecount="1" falsecount="0"/>
        <line num="38" count="8" type="cond" truecount="1" falsecount="0"/>
        <line num="39" count="31" type="stmt"/>
        <line num="40" count="8" type="stmt"/>
      </file>
      <file name="schema.ts" path="/home/andres/devx-op/monorepo/packages/confect/src/server/schema.ts">
        <metrics statements="117" coveredstatements="117" conditionals="14" coveredconditionals="14" methods="11" coveredmethods="11"/>
        <line num="1" count="1" type="stmt"/>
        <line num="18" count="1" type="stmt"/>
        <line num="20" count="1" type="stmt"/>
        <line num="24" count="1" type="stmt"/>
        <line num="29" count="1" type="stmt"/>
        <line num="30" count="1" type="stmt"/>
        <line num="31" count="1" type="stmt"/>
        <line num="32" count="1" type="stmt"/>
        <line num="33" count="1" type="stmt"/>
        <line num="34" count="1" type="stmt"/>
        <line num="35" count="1" type="stmt"/>
        <line num="36" count="1" type="stmt"/>
        <line num="37" count="1" type="stmt"/>
        <line num="38" count="1" type="stmt"/>
        <line num="39" count="1" type="stmt"/>
        <line num="40" count="1" type="stmt"/>
        <line num="41" count="1" type="stmt"/>
        <line num="42" count="1" type="stmt"/>
        <line num="43" count="1" type="stmt"/>
        <line num="44" count="1" type="stmt"/>
        <line num="45" count="1" type="stmt"/>
        <line num="46" count="1" type="stmt"/>
        <line num="47" count="1" type="stmt"/>
        <line num="48" count="1" type="stmt"/>
        <line num="49" count="1" type="stmt"/>
        <line num="50" count="1" type="stmt"/>
        <line num="51" count="1" type="stmt"/>
        <line num="53" count="1" type="cond" truecount="1" falsecount="0"/>
        <line num="56" count="24" type="stmt"/>
        <line num="58" count="24" type="stmt"/>
        <line num="59" count="24" type="cond" truecount="1" falsecount="0"/>
        <line num="60" count="42" type="stmt"/>
        <line num="61" count="42" type="stmt"/>
        <line num="62" count="24" type="stmt"/>
        <line num="63" count="24" type="cond" truecount="1" falsecount="0"/>
        <line num="64" count="48" type="stmt"/>
        <line num="65" count="48" type="stmt"/>
        <line num="66" count="24" type="stmt"/>
        <line num="67" count="24" type="stmt"/>
        <line num="95" count="1" type="stmt"/>
        <line num="97" count="24" type="cond" truecount="1" falsecount="0"/>
        <line num="98" count="24" type="stmt"/>
        <line num="99" count="24" type="stmt"/>
        <line num="103" count="24" type="stmt"/>
        <line num="105" count="24" type="cond" truecount="1" falsecount="0"/>
        <line num="106" count="24" type="stmt"/>
        <line num="107" count="24" type="stmt"/>
        <line num="108" count="24" type="stmt"/>
        <line num="109" count="24" type="cond" truecount="1" falsecount="0"/>
        <line num="110" count="24" type="stmt"/>
        <line num="111" count="24" type="stmt"/>
        <line num="115" count="24" type="stmt"/>
        <line num="116" count="24" type="stmt"/>
        <line num="117" count="24" type="stmt"/>
        <line num="129" count="1" type="cond" truecount="1" falsecount="0"/>
        <line num="130" count="24" type="stmt"/>
        <line num="132" count="24" type="stmt"/>
        <line num="246" count="1" type="stmt"/>
        <line num="264" count="43" type="cond" truecount="1" falsecount="0"/>
        <line num="265" count="43" type="stmt"/>
        <line num="272" count="43" type="stmt"/>
        <line num="273" count="43" type="stmt"/>
        <line num="275" count="43" type="cond" truecount="1" falsecount="0"/>
        <line num="276" count="43" type="stmt"/>
        <line num="277" count="43" type="stmt"/>
        <line num="278" count="43" type="stmt"/>
        <line num="279" count="43" type="stmt"/>
        <line num="280" count="43" type="stmt"/>
        <line num="282" count="43" type="stmt"/>
        <line num="283" count="43" type="stmt"/>
        <line num="284" count="43" type="stmt"/>
        <line num="286" count="43" type="cond" truecount="1" falsecount="0"/>
        <line num="291" count="24" type="stmt"/>
        <line num="292" count="24" type="stmt"/>
        <line num="305" count="24" type="stmt"/>
        <line num="306" count="24" type="stmt"/>
        <line num="307" count="24" type="stmt"/>
        <line num="308" count="24" type="stmt"/>
        <line num="309" count="24" type="stmt"/>
        <line num="310" count="24" type="stmt"/>
        <line num="312" count="24" type="stmt"/>
        <line num="313" count="24" type="stmt"/>
        <line num="315" count="43" type="cond" truecount="1" falsecount="0"/>
        <line num="320" count="8" type="stmt"/>
        <line num="321" count="8" type="stmt"/>
        <line num="337" count="8" type="stmt"/>
        <line num="338" count="8" type="stmt"/>
        <line num="340" count="8" type="stmt"/>
        <line num="341" count="8" type="stmt"/>
        <line num="343" count="43" type="cond" truecount="1" falsecount="0"/>
        <line num="348" count="8" type="stmt"/>
        <line num="349" count="8" type="stmt"/>
        <line num="370" count="8" type="stmt"/>
        <line num="371" count="8" type="stmt"/>
        <line num="373" count="8" type="stmt"/>
        <line num="374" count="8" type="stmt"/>
        <line num="375" count="43" type="stmt"/>
        <line num="380" count="1" type="cond" truecount="1" falsecount="0"/>
        <line num="383" count="43" type="stmt"/>
        <line num="384" count="43" type="stmt"/>
        <line num="385" count="43" type="stmt"/>
        <line num="386" count="43" type="stmt"/>
        <line num="387" count="43" type="stmt"/>
        <line num="388" count="43" type="stmt"/>
        <line num="389" count="43" type="stmt"/>
        <line num="390" count="43" type="stmt"/>
        <line num="449" count="1" type="stmt"/>
        <line num="450" count="1" type="stmt"/>
        <line num="451" count="1" type="stmt"/>
        <line num="452" count="1" type="stmt"/>
        <line num="453" count="1" type="stmt"/>
        <line num="454" count="1" type="stmt"/>
        <line num="458" count="1" type="stmt"/>
        <line num="459" count="1" type="stmt"/>
        <line num="466" count="1" type="cond" truecount="1" falsecount="0"/>
        <line num="469" count="23" type="stmt"/>
        <line num="471" count="23" type="stmt"/>
      </file>
      <file name="schema_to_validator.ts" path="/home/andres/devx-op/monorepo/packages/confect/src/server/schema_to_validator.ts">
        <metrics statements="324" coveredstatements="324" conditionals="93" coveredconditionals="93" methods="33" coveredmethods="33"/>
        <line num="20" count="1" type="stmt"/>
        <line num="21" count="1" type="stmt"/>
        <line num="38" count="1" type="stmt"/>
        <line num="53" count="1" type="cond" truecount="1" falsecount="0"/>
        <line num="54" count="44" type="stmt"/>
        <line num="55" count="44" type="stmt"/>
        <line num="56" count="44" type="stmt"/>
        <line num="58" count="44" type="stmt"/>
        <line num="59" count="44" type="stmt"/>
        <line num="60" count="44" type="stmt"/>
        <line num="61" count="44" type="cond" truecount="1" falsecount="0"/>
        <line num="62" count="43" type="cond" truecount="1" falsecount="0"/>
        <line num="63" count="42" type="cond" truecount="1" falsecount="0"/>
        <line num="64" count="1" type="stmt"/>
        <line num="65" count="44" type="stmt"/>
        <line num="66" count="44" type="cond" truecount="1" falsecount="0"/>
        <line num="67" count="44" type="stmt"/>
        <line num="68" count="44" type="stmt"/>
        <line num="69" count="44" type="stmt"/>
        <line num="73" count="1" type="cond" truecount="1" falsecount="0"/>
        <line num="74" count="41" type="stmt"/>
        <line num="76" count="41" type="stmt"/>
        <line num="92" count="1" type="cond" truecount="1" falsecount="0"/>
        <line num="95" count="48" type="stmt"/>
        <line num="96" count="48" type="stmt"/>
        <line num="97" count="48" type="stmt"/>
        <line num="99" count="48" type="stmt"/>
        <line num="100" count="48" type="stmt"/>
        <line num="101" count="48" type="stmt"/>
        <line num="102" count="48" type="cond" truecount="1" falsecount="0"/>
        <line num="103" count="44" type="cond" truecount="1" falsecount="0"/>
        <line num="104" count="43" type="cond" truecount="1" falsecount="0"/>
        <line num="105" count="1" type="stmt"/>
        <line num="106" count="48" type="stmt"/>
        <line num="107" count="48" type="cond" truecount="1" falsecount="0"/>
        <line num="108" count="48" type="cond" truecount="1" falsecount="0"/>
        <line num="109" count="48" type="stmt"/>
        <line num="110" count="48" type="stmt"/>
        <line num="111" count="48" type="stmt"/>
        <line num="243" count="1" type="cond" truecount="1" falsecount="0"/>
        <line num="244" count="23" type="stmt"/>
        <line num="246" count="23" type="stmt"/>
        <line num="248" count="1" type="cond" truecount="1" falsecount="0"/>
        <line num="249" count="3079" type="stmt"/>
        <line num="250" count="3079" type="stmt"/>
        <line num="251" count="3079" type="stmt"/>
        <line num="252" count="3079" type="stmt"/>
        <line num="253" count="3079" type="stmt"/>
        <line num="254" count="3079" type="stmt"/>
        <line num="255" count="3079" type="stmt"/>
        <line num="256" count="3079" type="stmt"/>
        <line num="257" count="3079" type="stmt"/>
        <line num="258" count="3079" type="stmt"/>
        <line num="259" count="3079" type="stmt"/>
        <line num="260" count="3079" type="stmt"/>
        <line num="261" count="3079" type="stmt"/>
        <line num="262" count="3079" type="stmt"/>
        <line num="263" count="3079" type="stmt"/>
        <line num="264" count="3079" type="stmt"/>
        <line num="265" count="3079" type="stmt"/>
        <line num="266" count="3079" type="stmt"/>
        <line num="267" count="3079" type="stmt"/>
        <line num="268" count="3079" type="stmt"/>
        <line num="269" count="3079" type="stmt"/>
        <line num="270" count="3079" type="cond" truecount="1" falsecount="0"/>
        <line num="271" count="3079" type="stmt"/>
        <line num="272" count="3079" type="cond" truecount="1" falsecount="0"/>
        <line num="273" count="545" type="cond" truecount="1" falsecount="0"/>
        <line num="274" count="3079" type="stmt"/>
        <line num="275" count="3079" type="cond" truecount="1" falsecount="0"/>
        <line num="276" count="365" type="cond" truecount="1" falsecount="0"/>
        <line num="277" count="3079" type="stmt"/>
        <line num="278" count="3079" type="stmt"/>
        <line num="279" count="3079" type="stmt"/>
        <line num="280" count="3079" type="cond" truecount="1" falsecount="0"/>
        <line num="281" count="132" type="cond" truecount="1" falsecount="0"/>
        <line num="282" count="22" type="stmt"/>
        <line num="283" count="132" type="cond" truecount="2" falsecount="0"/>
        <line num="284" count="3079" type="stmt"/>
        <line num="285" count="3079" type="cond" truecount="1" falsecount="0"/>
        <line num="286" count="3079" type="cond" truecount="1" falsecount="0"/>
        <line num="287" count="3079" type="stmt"/>
        <line num="288" count="3079" type="stmt"/>
        <line num="290" count="1" type="cond" truecount="1" falsecount="0"/>
        <line num="291" count="971" type="stmt"/>
        <line num="292" count="971" type="stmt"/>
        <line num="301" count="971" type="cond" truecount="1" falsecount="0"/>
        <line num="302" count="10" type="cond" truecount="1" falsecount="0"/>
        <line num="303" count="961" type="stmt"/>
        <line num="304" count="961" type="stmt"/>
        <line num="305" count="961" type="stmt"/>
        <line num="306" count="961" type="cond" truecount="1" falsecount="0"/>
        <line num="307" count="126" type="stmt"/>
        <line num="308" count="126" type="stmt"/>
        <line num="309" count="126" type="stmt"/>
        <line num="310" count="126" type="stmt"/>
        <line num="311" count="126" type="stmt"/>
        <line num="312" count="126" type="stmt"/>
        <line num="313" count="126" type="stmt"/>
        <line num="314" count="126" type="stmt"/>
        <line num="315" count="126" type="cond" truecount="1" falsecount="0"/>
        <line num="316" count="126" type="stmt"/>
        <line num="317" count="126" type="cond" truecount="1" falsecount="0"/>
        <line num="318" count="126" type="stmt"/>
        <line num="319" count="126" type="stmt"/>
        <line num="320" count="126" type="stmt"/>
        <line num="321" count="961" type="stmt"/>
        <line num="322" count="961" type="cond" truecount="1" falsecount="0"/>
        <line num="323" count="961" type="cond" truecount="1" falsecount="0"/>
        <line num="324" count="285" type="stmt"/>
        <line num="325" count="285" type="stmt"/>
        <line num="326" count="285" type="cond" truecount="1" falsecount="0"/>
        <line num="327" count="285" type="cond" truecount="1" falsecount="0"/>
        <line num="328" count="285" type="stmt"/>
        <line num="329" count="285" type="stmt"/>
        <line num="330" count="961" type="stmt"/>
        <line num="331" count="961" type="cond" truecount="1" falsecount="0"/>
        <line num="332" count="961" type="stmt"/>
        <line num="333" count="961" type="cond" truecount="1" falsecount="0"/>
        <line num="334" count="213" type="stmt"/>
        <line num="335" count="961" type="stmt"/>
        <line num="336" count="961" type="cond" truecount="1" falsecount="0"/>
        <line num="337" count="165" type="stmt"/>
        <line num="338" count="961" type="stmt"/>
        <line num="339" count="961" type="cond" truecount="1" falsecount="0"/>
        <line num="340" count="961" type="cond" truecount="1" falsecount="0"/>
        <line num="341" count="12" type="stmt"/>
        <line num="342" count="961" type="stmt"/>
        <line num="343" count="961" type="cond" truecount="1" falsecount="0"/>
        <line num="344" count="2" type="stmt"/>
        <line num="345" count="2" type="stmt"/>
        <line num="346" count="2" type="stmt"/>
        <line num="347" count="2" type="stmt"/>
        <line num="348" count="2" type="stmt"/>
        <line num="349" count="2" type="stmt"/>
        <line num="350" count="2" type="stmt"/>
        <line num="351" count="2" type="cond" truecount="1" falsecount="0"/>
        <line num="352" count="2" type="cond" truecount="1" falsecount="0"/>
        <line num="353" count="1" type="stmt"/>
        <line num="354" count="1" type="stmt"/>
        <line num="355" count="1" type="stmt"/>
        <line num="356" count="2" type="stmt"/>
        <line num="357" count="2" type="stmt"/>
        <line num="358" count="961" type="stmt"/>
        <line num="359" count="961" type="cond" truecount="1" falsecount="0"/>
        <line num="360" count="961" type="stmt"/>
        <line num="361" count="961" type="stmt"/>
        <line num="362" count="961" type="stmt"/>
        <line num="363" count="961" type="stmt"/>
        <line num="364" count="961" type="stmt"/>
        <line num="365" count="961" type="stmt"/>
        <line num="366" count="961" type="stmt"/>
        <line num="367" count="961" type="stmt"/>
        <line num="368" count="961" type="stmt"/>
        <line num="369" count="961" type="stmt"/>
        <line num="370" count="961" type="stmt"/>
        <line num="371" count="961" type="cond" truecount="1" falsecount="0"/>
        <line num="372" count="3" type="stmt"/>
        <line num="373" count="3" type="stmt"/>
        <line num="374" count="3" type="stmt"/>
        <line num="375" count="3" type="stmt"/>
        <line num="376" count="3" type="stmt"/>
        <line num="377" count="961" type="stmt"/>
        <line num="378" count="961" type="stmt"/>
        <line num="379" count="961" type="stmt"/>
        <line num="381" count="1" type="cond" truecount="1" falsecount="0"/>
        <line num="382" count="213" type="stmt"/>
        <line num="383" count="213" type="stmt"/>
        <line num="385" count="213" type="cond" truecount="1" falsecount="0"/>
        <line num="386" count="213" type="cond" truecount="1" falsecount="0"/>
        <line num="387" count="162" type="cond" truecount="1" falsecount="0"/>
        <line num="388" count="324" type="cond" truecount="1" falsecount="0"/>
        <line num="389" count="162" type="cond" truecount="1" falsecount="0"/>
        <line num="390" count="162" type="stmt"/>
        <line num="391" count="162" type="cond" truecount="1" falsecount="0"/>
        <line num="392" count="51" type="cond" truecount="1" falsecount="0"/>
        <line num="394" count="213" type="stmt"/>
        <line num="395" count="213" type="cond" truecount="1" falsecount="0"/>
        <line num="403" count="213" type="cond" truecount="3" falsecount="0"/>
        <line num="404" count="162" type="stmt"/>
        <line num="405" count="205" type="cond" truecount="1" falsecount="0"/>
        <line num="406" count="49" type="stmt"/>
        <line num="407" count="49" type="stmt"/>
        <line num="408" count="213" type="stmt"/>
        <line num="410" count="1" type="cond" truecount="1" falsecount="0"/>
        <line num="411" count="165" type="stmt"/>
        <line num="412" count="165" type="stmt"/>
        <line num="413" count="165" type="stmt"/>
        <line num="414" count="165" type="stmt"/>
        <line num="415" count="165" type="cond" truecount="1" falsecount="0"/>
        <line num="416" count="163" type="stmt"/>
        <line num="417" count="165" type="cond" truecount="1" falsecount="0"/>
        <line num="418" count="2" type="stmt"/>
        <line num="419" count="2" type="stmt"/>
        <line num="420" count="2" type="stmt"/>
        <line num="421" count="2" type="stmt"/>
        <line num="422" count="2" type="cond" truecount="1" falsecount="0"/>
        <line num="423" count="1" type="stmt"/>
        <line num="424" count="1" type="stmt"/>
        <line num="425" count="1" type="stmt"/>
        <line num="426" count="1" type="stmt"/>
        <line num="427" count="1" type="stmt"/>
        <line num="428" count="1" type="cond" truecount="1" falsecount="0"/>
        <line num="429" count="1" type="stmt"/>
        <line num="430" count="2" type="cond" truecount="1" falsecount="0"/>
        <line num="432" count="1" type="stmt"/>
        <line num="433" count="2" type="stmt"/>
        <line num="434" count="2" type="stmt"/>
        <line num="435" count="165" type="stmt"/>
        <line num="436" count="165" type="stmt"/>
        <line num="438" count="1" type="cond" truecount="1" falsecount="0"/>
        <line num="439" count="54" type="cond" truecount="1" falsecount="0"/>
        <line num="440" count="54" type="stmt"/>
        <line num="441" count="54" type="stmt"/>
        <line num="442" count="54" type="stmt"/>
        <line num="443" count="54" type="cond" truecount="1" falsecount="0"/>
        <line num="444" count="54" type="stmt"/>
        <line num="445" count="54" type="stmt"/>
        <line num="447" count="54" type="stmt"/>
        <line num="449" count="54" type="cond" truecount="1" falsecount="0"/>
        <line num="450" count="11" type="stmt"/>
        <line num="451" count="11" type="cond" truecount="1" falsecount="0"/>
        <line num="452" count="1" type="stmt"/>
        <line num="453" count="11" type="cond" truecount="1" falsecount="0"/>
        <line num="454" count="11" type="stmt"/>
        <line num="456" count="54" type="cond" truecount="1" falsecount="0"/>
        <line num="457" count="48" type="stmt"/>
        <line num="458" count="48" type="stmt"/>
        <line num="459" count="48" type="cond" truecount="1" falsecount="0"/>
        <line num="460" count="1" type="stmt"/>
        <line num="461" count="48" type="stmt"/>
        <line num="462" count="48" type="cond" truecount="1" falsecount="0"/>
        <line num="463" count="6" type="cond" truecount="1" falsecount="0"/>
        <line num="464" count="2" type="cond" truecount="1" falsecount="0"/>
        <line num="465" count="4" type="cond" truecount="1" falsecount="0"/>
        <line num="466" count="4" type="stmt"/>
        <line num="467" count="4" type="stmt"/>
        <line num="468" count="4" type="stmt"/>
        <line num="470" count="4" type="stmt"/>
        <line num="471" count="4" type="cond" truecount="1" falsecount="0"/>
        <line num="473" count="52" type="stmt"/>
        <line num="474" count="52" type="stmt"/>
        <line num="476" count="1" type="cond" truecount="1" falsecount="0"/>
        <line num="477" count="205" type="stmt"/>
        <line num="478" count="205" type="stmt"/>
        <line num="479" count="205" type="cond" truecount="1" falsecount="0"/>
        <line num="480" count="477" type="cond" truecount="1" falsecount="0"/>
        <line num="482" count="476" type="stmt"/>
        <line num="483" count="476" type="cond" truecount="1" falsecount="0"/>
        <line num="484" count="475" type="cond" truecount="1" falsecount="0"/>
        <line num="485" count="475" type="cond" truecount="1" falsecount="0"/>
        <line num="487" count="474" type="stmt"/>
        <line num="488" count="474" type="stmt"/>
        <line num="489" count="475" type="cond" truecount="2" falsecount="0"/>
        <line num="490" count="475" type="stmt"/>
        <line num="491" count="475" type="stmt"/>
        <line num="492" count="476" type="cond" truecount="1" falsecount="0"/>
        <line num="493" count="1" type="stmt"/>
        <line num="494" count="1" type="stmt"/>
        <line num="495" count="1" type="stmt"/>
        <line num="496" count="1" type="stmt"/>
        <line num="497" count="1" type="stmt"/>
        <line num="498" count="476" type="stmt"/>
        <line num="499" count="477" type="cond" truecount="1" falsecount="0"/>
        <line num="500" count="1" type="stmt"/>
        <line num="501" count="1" type="stmt"/>
        <line num="502" count="1" type="stmt"/>
        <line num="503" count="1" type="stmt"/>
        <line num="504" count="205" type="stmt"/>
        <line num="505" count="205" type="cond" truecount="1" falsecount="0"/>
        <line num="506" count="202" type="stmt"/>
        <line num="507" count="202" type="stmt"/>
        <line num="508" count="202" type="stmt"/>
        <line num="509" count="202" type="stmt"/>
        <line num="510" count="202" type="cond" truecount="1" falsecount="0"/>
        <line num="511" count="474" type="stmt"/>
        <line num="512" count="474" type="stmt"/>
        <line num="513" count="474" type="stmt"/>
        <line num="514" count="202" type="stmt"/>
        <line num="515" count="202" type="stmt"/>
        <line num="516" count="202" type="stmt"/>
        <line num="517" count="205" type="stmt"/>
        <line num="518" count="205" type="stmt"/>
        <line num="522" count="1" type="cond" truecount="1" falsecount="0"/>
        <line num="523" count="156" type="stmt"/>
        <line num="524" count="156" type="stmt"/>
        <line num="525" count="156" type="stmt"/>
        <line num="526" count="156" type="stmt"/>
        <line num="527" count="156" type="cond" truecount="1" falsecount="0"/>
        <line num="528" count="156" type="cond" truecount="1" falsecount="0"/>
        <line num="529" count="6" type="stmt"/>
        <line num="530" count="6" type="stmt"/>
        <line num="531" count="156" type="stmt"/>
        <line num="532" count="156" type="stmt"/>
        <line num="534" count="1" type="stmt"/>
        <line num="535" count="1" type="stmt"/>
        <line num="536" count="1" type="stmt"/>
        <line num="542" count="1" type="stmt"/>
        <line num="544" count="1" type="stmt"/>
        <line num="545" count="1" type="stmt"/>
        <line num="546" count="1" type="stmt"/>
        <line num="552" count="1" type="stmt"/>
        <line num="554" count="1" type="stmt"/>
        <line num="555" count="1" type="stmt"/>
        <line num="556" count="1" type="stmt"/>
        <line num="558" count="1" type="stmt"/>
        <line num="564" count="1" type="stmt"/>
        <line num="566" count="1" type="stmt"/>
        <line num="567" count="1" type="stmt"/>
        <line num="568" count="1" type="stmt"/>
        <line num="574" count="1" type="stmt"/>
        <line num="576" count="1" type="stmt"/>
        <line num="577" count="1" type="stmt"/>
        <line num="578" count="1" type="stmt"/>
        <line num="580" count="1" type="stmt"/>
        <line num="586" count="1" type="stmt"/>
        <line num="588" count="1" type="stmt"/>
        <line num="589" count="1" type="stmt"/>
        <line num="590" count="1" type="stmt"/>
        <line num="596" count="1" type="stmt"/>
        <line num="598" count="1" type="stmt"/>
        <line num="599" count="1" type="stmt"/>
        <line num="600" count="1" type="stmt"/>
        <line num="606" count="1" type="stmt"/>
      </file>
      <file name="storage.ts" path="/home/andres/devx-op/monorepo/packages/confect/src/server/storage.ts">
        <metrics statements="71" coveredstatements="71" conditionals="25" coveredconditionals="25" methods="20" coveredmethods="20"/>
        <line num="7" count="1" type="stmt"/>
        <line num="9" count="1" type="cond" truecount="1" falsecount="0"/>
        <line num="10" count="60" type="cond" truecount="1" falsecount="0"/>
        <line num="11" count="2" type="cond" truecount="1" falsecount="0"/>
        <line num="12" count="2" type="stmt"/>
        <line num="13" count="2" type="stmt"/>
        <line num="14" count="2" type="stmt"/>
        <line num="15" count="2" type="stmt"/>
        <line num="16" count="2" type="cond" truecount="1" falsecount="0"/>
        <line num="17" count="2" type="cond" truecount="1" falsecount="0"/>
        <line num="18" count="2" type="stmt"/>
        <line num="19" count="2" type="stmt"/>
        <line num="20" count="2" type="stmt"/>
        <line num="21" count="2" type="stmt"/>
        <line num="22" count="60" type="stmt"/>
        <line num="24" count="1" type="cond" truecount="1" falsecount="0"/>
        <line num="25" count="31" type="cond" truecount="1" falsecount="0"/>
        <line num="26" count="1" type="cond" truecount="1" falsecount="0"/>
        <line num="27" count="1" type="cond" truecount="1" falsecount="0"/>
        <line num="28" count="1" type="stmt"/>
        <line num="29" count="1" type="stmt"/>
        <line num="30" count="1" type="stmt"/>
        <line num="31" count="31" type="cond" truecount="1" falsecount="0"/>
        <line num="32" count="2" type="stmt"/>
        <line num="33" count="2" type="cond" truecount="1" falsecount="0"/>
        <line num="34" count="2" type="cond" truecount="1" falsecount="0"/>
        <line num="35" count="2" type="stmt"/>
        <line num="36" count="31" type="stmt"/>
        <line num="38" count="1" type="cond" truecount="1" falsecount="0"/>
        <line num="39" count="19" type="cond" truecount="1" falsecount="0"/>
        <line num="40" count="2" type="cond" truecount="1" falsecount="0"/>
        <line num="41" count="2" type="stmt"/>
        <line num="42" count="2" type="stmt"/>
        <line num="43" count="2" type="stmt"/>
        <line num="44" count="2" type="stmt"/>
        <line num="45" count="2" type="cond" truecount="1" falsecount="0"/>
        <line num="46" count="2" type="stmt"/>
        <line num="47" count="2" type="stmt"/>
        <line num="48" count="2" type="stmt"/>
        <line num="49" count="2" type="stmt"/>
        <line num="50" count="2" type="stmt"/>
        <line num="51" count="19" type="cond" truecount="1" falsecount="0"/>
        <line num="53" count="1" type="cond" truecount="1" falsecount="0"/>
        <line num="54" count="19" type="stmt"/>
        <line num="56" count="1" type="stmt"/>
        <line num="57" count="1" type="stmt"/>
        <line num="58" count="1" type="cond" truecount="1" falsecount="0"/>
        <line num="59" count="8" type="cond" truecount="1" falsecount="0"/>
        <line num="60" count="60" type="stmt"/>
        <line num="61" count="8" type="stmt"/>
        <line num="63" count="1" type="stmt"/>
        <line num="64" count="1" type="stmt"/>
        <line num="65" count="1" type="cond" truecount="1" falsecount="0"/>
        <line num="66" count="8" type="cond" truecount="1" falsecount="0"/>
        <line num="67" count="31" type="stmt"/>
        <line num="68" count="8" type="stmt"/>
        <line num="70" count="1" type="stmt"/>
        <line num="71" count="1" type="stmt"/>
        <line num="72" count="1" type="cond" truecount="1" falsecount="0"/>
        <line num="73" count="8" type="cond" truecount="1" falsecount="0"/>
        <line num="74" count="19" type="stmt"/>
        <line num="75" count="8" type="stmt"/>
        <line num="77" count="1" type="stmt"/>
        <line num="78" count="1" type="stmt"/>
        <line num="79" count="1" type="stmt"/>
        <line num="80" count="1" type="stmt"/>
        <line num="81" count="1" type="stmt"/>
        <line num="82" count="1" type="cond" truecount="1" falsecount="0"/>
        <line num="83" count="18" type="stmt"/>
        <line num="84" count="18" type="stmt"/>
        <line num="85" count="1" type="stmt"/>
      </file>
      <file name="vector_search.ts" path="/home/andres/devx-op/monorepo/packages/confect/src/server/vector_search.ts">
        <metrics statements="15" coveredstatements="15" conditionals="4" coveredconditionals="4" methods="2" coveredmethods="2"/>
        <line num="8" count="1" type="stmt"/>
        <line num="20" count="1" type="stmt"/>
        <line num="21" count="1" type="cond" truecount="1" falsecount="0"/>
        <line num="22" count="15" type="stmt"/>
        <line num="24" count="15" type="cond" truecount="1" falsecount="0"/>
        <line num="30" count="2" type="stmt"/>
        <line num="31" count="2" type="stmt"/>
        <line num="32" count="2" type="stmt"/>
        <line num="42" count="2" type="cond" truecount="1" falsecount="0"/>
        <line num="44" count="1" type="stmt"/>
        <line num="45" count="1" type="stmt"/>
        <line num="46" count="1" type="stmt"/>
        <line num="49" count="1" type="cond" truecount="1" falsecount="0"/>
        <line num="52" count="15" type="stmt"/>
        <line num="53" count="15" type="stmt"/>
      </file>
    </package>
    <package name="server.schemas">
      <metrics statements="63" coveredstatements="63" conditionals="6" coveredconditionals="6" methods="6" coveredmethods="6"/>
      <file name="GenericId.ts" path="/home/andres/devx-op/monorepo/packages/confect/src/server/schemas/GenericId.ts">
        <metrics statements="10" coveredstatements="10" conditionals="2" coveredconditionals="2" methods="2" coveredmethods="2"/>
        <line num="2" count="1" type="stmt"/>
        <line num="4" count="1" type="stmt"/>
        <line num="6" count="1" type="cond" truecount="1" falsecount="0"/>
        <line num="7" count="158" type="stmt"/>
        <line num="9" count="158" type="stmt"/>
        <line num="10" count="158" type="stmt"/>
        <line num="11" count="158" type="stmt"/>
        <line num="15" count="1" type="cond" truecount="1" falsecount="0"/>
        <line num="16" count="285" type="stmt"/>
        <line num="18" count="285" type="stmt"/>
      </file>
      <file name="PaginationResult.ts" path="/home/andres/devx-op/monorepo/packages/confect/src/server/schemas/PaginationResult.ts">
        <metrics statements="16" coveredstatements="16" conditionals="1" coveredconditionals="1" methods="1" coveredmethods="1"/>
        <line num="1" count="1" type="stmt"/>
        <line num="3" count="1" type="cond" truecount="1" falsecount="0"/>
        <line num="4" count="2" type="stmt"/>
        <line num="6" count="2" type="stmt"/>
        <line num="7" count="2" type="stmt"/>
        <line num="8" count="2" type="stmt"/>
        <line num="9" count="2" type="stmt"/>
        <line num="10" count="2" type="stmt"/>
        <line num="11" count="2" type="stmt"/>
        <line num="12" count="2" type="stmt"/>
        <line num="13" count="2" type="stmt"/>
        <line num="14" count="2" type="stmt"/>
        <line num="15" count="2" type="stmt"/>
        <line num="16" count="2" type="stmt"/>
        <line num="17" count="2" type="stmt"/>
        <line num="18" count="2" type="stmt"/>
      </file>
      <file name="SystemFields.ts" path="/home/andres/devx-op/monorepo/packages/confect/src/server/schemas/SystemFields.ts">
        <metrics statements="11" coveredstatements="11" conditionals="2" coveredconditionals="2" methods="2" coveredmethods="2"/>
        <line num="6" count="1" type="stmt"/>
        <line num="7" count="1" type="stmt"/>
        <line num="12" count="1" type="cond" truecount="1" falsecount="0"/>
        <line num="13" count="129" type="stmt"/>
        <line num="14" count="129" type="stmt"/>
        <line num="15" count="129" type="stmt"/>
        <line num="16" count="129" type="stmt"/>
        <line num="21" count="1" type="cond" truecount="1" falsecount="0"/>
        <line num="25" count="129" type="stmt"/>
        <line num="26" count="129" type="stmt"/>
        <line num="28" count="129" type="stmt"/>
      </file>
      <file name="UserIdentity.ts" path="/home/andres/devx-op/monorepo/packages/confect/src/server/schemas/UserIdentity.ts">
        <metrics statements="26" coveredstatements="26" conditionals="1" coveredconditionals="1" methods="1" coveredmethods="1"/>
        <line num="1" count="1" type="stmt"/>
        <line num="3" count="1" type="cond" truecount="1" falsecount="0"/>
        <line num="4" count="2" type="stmt"/>
        <line num="6" count="2" type="stmt"/>
        <line num="7" count="2" type="stmt"/>
        <line num="8" count="2" type="stmt"/>
        <line num="9" count="2" type="stmt"/>
        <line num="10" count="2" type="stmt"/>
        <line num="11" count="2" type="stmt"/>
        <line num="12" count="2" type="stmt"/>
        <line num="13" count="2" type="stmt"/>
        <line num="14" count="2" type="stmt"/>
        <line num="15" count="2" type="stmt"/>
        <line num="16" count="2" type="stmt"/>
        <line num="17" count="2" type="stmt"/>
        <line num="18" count="2" type="stmt"/>
        <line num="19" count="2" type="stmt"/>
        <line num="20" count="2" type="stmt"/>
        <line num="21" count="2" type="stmt"/>
        <line num="22" count="2" type="stmt"/>
        <line num="23" count="2" type="stmt"/>
        <line num="24" count="2" type="stmt"/>
        <line num="25" count="2" type="stmt"/>
        <line num="26" count="2" type="stmt"/>
        <line num="27" count="2" type="stmt"/>
        <line num="28" count="2" type="stmt"/>
      </file>
    </package>
  </project>
</coverage>
