{
  "/home/andres/devx-op/monorepo/packages/confect/src/server/auth.ts": {
    "path": "/home/andres/devx-op/monorepo/packages/confect/src/server/auth.ts",
    "all": false,
    "statementMap": {
      "1": {
        "start": { "line": 2, "column": 0 },
        "end": { "line": 2, "column": 61 }
      },
      "3": {
        "start": { "line": 4, "column": 0 },
        "end": { "line": 4, "column": 31 }
      },
      "4": {
        "start": { "line": 5, "column": 0 },
        "end": { "line": 5, "column": 18 }
      },
      "6": {
        "start": { "line": 7, "column": 0 },
        "end": { "line": 7, "column": 54 }
      },
      "7": {
        "start": { "line": 8, "column": 0 },
        "end": { "line": 8, "column": 21 }
      },
      "8": {
        "start": { "line": 9, "column": 0 },
        "end": { "line": 9, "column": 13 }
      },
      "9": {
        "start": { "line": 10, "column": 0 },
        "end": { "line": 10, "column": 30 }
      },
      "10": {
        "start": { "line": 11, "column": 0 },
        "end": { "line": 11, "column": 24 }
      },
      "11": {
        "start": { "line": 12, "column": 0 },
        "end": { "line": 12, "column": 70 }
      },
      "12": {
        "start": { "line": 13, "column": 0 },
        "end": { "line": 13, "column": 35 }
      },
      "13": {
        "start": { "line": 14, "column": 0 },
        "end": { "line": 14, "column": 13 }
      },
      "14": {
        "start": { "line": 15, "column": 0 },
        "end": { "line": 15, "column": 10 }
      },
      "15": {
        "start": { "line": 16, "column": 0 },
        "end": { "line": 16, "column": 8 }
      },
      "16": {
        "start": { "line": 17, "column": 0 },
        "end": { "line": 17, "column": 6 }
      },
      "17": {
        "start": { "line": 18, "column": 0 },
        "end": { "line": 18, "column": 3 }
      },
      "19": {
        "start": { "line": 20, "column": 0 },
        "end": { "line": 20, "column": 80 }
      },
      "22": {
        "start": { "line": 23, "column": 0 },
        "end": { "line": 23, "column": 5 }
      },
      "23": {
        "start": { "line": 24, "column": 0 },
        "end": { "line": 24, "column": 74 }
      },
      "24": {
        "start": { "line": 25, "column": 0 },
        "end": { "line": 25, "column": 1 }
      },
      "26": {
        "start": { "line": 27, "column": 0 },
        "end": { "line": 27, "column": 91 }
      },
      "27": {
        "start": { "line": 28, "column": 0 },
        "end": { "line": 28, "column": 29 }
      },
      "28": {
        "start": { "line": 29, "column": 0 },
        "end": { "line": 29, "column": 35 }
      },
      "29": {
        "start": { "line": 30, "column": 0 },
        "end": { "line": 30, "column": 34 }
      },
      "30": {
        "start": { "line": 31, "column": 0 },
        "end": { "line": 31, "column": 36 }
      },
      "31": {
        "start": { "line": 32, "column": 0 },
        "end": { "line": 32, "column": 3 }
      },
      "32": {
        "start": { "line": 33, "column": 0 },
        "end": { "line": 33, "column": 1 }
      }
    },
    "s": {
      "1": 1,
      "3": 1,
      "4": 60,
      "6": 60,
      "7": 60,
      "8": 60,
      "9": 60,
      "10": 60,
      "11": 60,
      "12": 60,
      "13": 60,
      "14": 60,
      "15": 60,
      "16": 60,
      "17": 60,
      "19": 1,
      "22": 1,
      "23": 8,
      "24": 8,
      "26": 1,
      "27": 1,
      "28": 1,
      "29": 1,
      "30": 6,
      "31": 6,
      "32": 1
    },
    "branchMap": {
      "0": {
        "type": "branch",
        "line": 4,
        "loc": {
          "start": { "line": 4, "column": 13 },
          "end": { "line": 18, "column": 3 }
        },
        "locations": [
          {
            "start": { "line": 4, "column": 13 },
            "end": { "line": 18, "column": 3 }
          }
        ]
      },
      "1": {
        "type": "branch",
        "line": 7,
        "loc": {
          "start": { "line": 7, "column": 19 },
          "end": { "line": 7, "column": 47 }
        },
        "locations": [
          {
            "start": { "line": 7, "column": 19 },
            "end": { "line": 7, "column": 47 }
          }
        ]
      },
      "2": {
        "type": "branch",
        "line": 12,
        "loc": {
          "start": { "line": 12, "column": 20 },
          "end": { "line": 12, "column": 70 }
        },
        "locations": [
          {
            "start": { "line": 12, "column": 20 },
            "end": { "line": 12, "column": 70 }
          }
        ]
      },
      "3": {
        "type": "branch",
        "line": 23,
        "loc": {
          "start": { "line": 23, "column": 4 },
          "end": { "line": 25, "column": 1 }
        },
        "locations": [
          {
            "start": { "line": 23, "column": 4 },
            "end": { "line": 25, "column": 1 }
          }
        ]
      },
      "4": {
        "type": "branch",
        "line": 24,
        "loc": {
          "start": { "line": 24, "column": 26 },
          "end": { "line": 24, "column": 74 }
        },
        "locations": [
          {
            "start": { "line": 24, "column": 26 },
            "end": { "line": 24, "column": 74 }
          }
        ]
      },
      "5": {
        "type": "branch",
        "line": 30,
        "loc": {
          "start": { "line": 30, "column": 2 },
          "end": { "line": 32, "column": 3 }
        },
        "locations": [
          {
            "start": { "line": 30, "column": 2 },
            "end": { "line": 32, "column": 3 }
          }
        ]
      }
    },
    "b": { "0": [60], "1": [2], "2": [1], "3": [8], "4": [60], "5": [6] },
    "fnMap": {
      "0": {
        "name": "make",
        "decl": {
          "start": { "line": 4, "column": 13 },
          "end": { "line": 18, "column": 3 }
        },
        "loc": {
          "start": { "line": 4, "column": 13 },
          "end": { "line": 18, "column": 3 }
        },
        "line": 4
      },
      "1": {
        "name": "onNone",
        "decl": {
          "start": { "line": 12, "column": 20 },
          "end": { "line": 12, "column": 70 }
        },
        "loc": {
          "start": { "line": 12, "column": 20 },
          "end": { "line": 12, "column": 70 }
        },
        "line": 12
      },
      "2": {
        "name": "<static_initializer>",
        "decl": {
          "start": { "line": 23, "column": 4 },
          "end": { "line": 25, "column": 1 }
        },
        "loc": {
          "start": { "line": 23, "column": 4 },
          "end": { "line": 25, "column": 1 }
        },
        "line": 23
      },
      "3": {
        "name": "layer",
        "decl": {
          "start": { "line": 24, "column": 26 },
          "end": { "line": 24, "column": 74 }
        },
        "loc": {
          "start": { "line": 24, "column": 26 },
          "end": { "line": 24, "column": 74 }
        },
        "line": 24
      },
      "4": {
        "name": "get message",
        "decl": {
          "start": { "line": 30, "column": 2 },
          "end": { "line": 32, "column": 3 }
        },
        "loc": {
          "start": { "line": 30, "column": 2 },
          "end": { "line": 32, "column": 3 }
        },
        "line": 30
      }
    },
    "f": { "0": 60, "1": 1, "2": 8, "3": 60, "4": 6 }
  },
  "/home/andres/devx-op/monorepo/packages/confect/src/server/ctx.ts": {
    "path": "/home/andres/devx-op/monorepo/packages/confect/src/server/ctx.ts",
    "all": false,
    "statementMap": {
      "6": {
        "start": { "line": 7, "column": 0 },
        "end": { "line": 7, "column": 33 }
      },
      "8": {
        "start": { "line": 9, "column": 0 },
        "end": { "line": 9, "column": 71 }
      },
      "9": {
        "start": { "line": 10, "column": 0 },
        "end": { "line": 10, "column": 49 }
      },
      "10": {
        "start": { "line": 11, "column": 0 },
        "end": { "line": 11, "column": 42 }
      },
      "11": {
        "start": { "line": 12, "column": 0 },
        "end": { "line": 12, "column": 4 }
      },
      "13": {
        "start": { "line": 14, "column": 0 },
        "end": { "line": 14, "column": 74 }
      },
      "14": {
        "start": { "line": 15, "column": 0 },
        "end": { "line": 15, "column": 52 }
      },
      "15": {
        "start": { "line": 16, "column": 0 },
        "end": { "line": 16, "column": 45 }
      },
      "16": {
        "start": { "line": 17, "column": 0 },
        "end": { "line": 17, "column": 4 }
      },
      "18": {
        "start": { "line": 19, "column": 0 },
        "end": { "line": 19, "column": 72 }
      },
      "19": {
        "start": { "line": 20, "column": 0 },
        "end": { "line": 20, "column": 50 }
      },
      "20": {
        "start": { "line": 21, "column": 0 },
        "end": { "line": 21, "column": 43 }
      },
      "21": {
        "start": { "line": 22, "column": 0 },
        "end": { "line": 22, "column": 4 }
      }
    },
    "s": {
      "6": 1,
      "8": 1,
      "9": 14,
      "10": 14,
      "11": 14,
      "13": 1,
      "14": 14,
      "15": 14,
      "16": 14,
      "18": 1,
      "19": 18,
      "20": 18,
      "21": 18
    },
    "branchMap": {
      "0": {
        "type": "branch",
        "line": 9,
        "loc": {
          "start": { "line": 9, "column": 30 },
          "end": { "line": 12, "column": 4 }
        },
        "locations": [
          {
            "start": { "line": 9, "column": 30 },
            "end": { "line": 12, "column": 4 }
          }
        ]
      },
      "1": {
        "type": "branch",
        "line": 14,
        "loc": {
          "start": { "line": 14, "column": 33 },
          "end": { "line": 17, "column": 4 }
        },
        "locations": [
          {
            "start": { "line": 14, "column": 33 },
            "end": { "line": 17, "column": 4 }
          }
        ]
      },
      "2": {
        "type": "branch",
        "line": 19,
        "loc": {
          "start": { "line": 19, "column": 31 },
          "end": { "line": 22, "column": 4 }
        },
        "locations": [
          {
            "start": { "line": 19, "column": 31 },
            "end": { "line": 22, "column": 4 }
          }
        ]
      }
    },
    "b": { "0": [14], "1": [14], "2": [18] },
    "fnMap": {
      "0": {
        "name": "ConvexQueryCtx",
        "decl": {
          "start": { "line": 9, "column": 30 },
          "end": { "line": 12, "column": 4 }
        },
        "loc": {
          "start": { "line": 9, "column": 30 },
          "end": { "line": 12, "column": 4 }
        },
        "line": 9
      },
      "1": {
        "name": "ConvexMutationCtx",
        "decl": {
          "start": { "line": 14, "column": 33 },
          "end": { "line": 17, "column": 4 }
        },
        "loc": {
          "start": { "line": 14, "column": 33 },
          "end": { "line": 17, "column": 4 }
        },
        "line": 14
      },
      "2": {
        "name": "ConvexActionCtx",
        "decl": {
          "start": { "line": 19, "column": 31 },
          "end": { "line": 22, "column": 4 }
        },
        "loc": {
          "start": { "line": 19, "column": 31 },
          "end": { "line": 22, "column": 4 }
        },
        "line": 19
      }
    },
    "f": { "0": 14, "1": 14, "2": 18 }
  },
  "/home/andres/devx-op/monorepo/packages/confect/src/server/database.ts": {
    "path": "/home/andres/devx-op/monorepo/packages/confect/src/server/database.ts",
    "all": false,
    "statementMap": {
      "27": {
        "start": { "line": 28, "column": 0 },
        "end": { "line": 28, "column": 8 }
      },
      "53": {
        "start": { "line": 54, "column": 0 },
        "end": { "line": 54, "column": 8 }
      },
      "63": {
        "start": { "line": 64, "column": 0 },
        "end": { "line": 64, "column": 8 }
      },
      "68": {
        "start": { "line": 69, "column": 0 },
        "end": { "line": 69, "column": 35 }
      },
      "71": {
        "start": { "line": 72, "column": 0 },
        "end": { "line": 72, "column": 51 }
      },
      "72": {
        "start": { "line": 73, "column": 0 },
        "end": { "line": 73, "column": 46 }
      },
      "79": {
        "start": { "line": 80, "column": 0 },
        "end": { "line": 80, "column": 6 }
      },
      "85": {
        "start": { "line": 86, "column": 0 },
        "end": { "line": 86, "column": 10 }
      },
      "86": {
        "start": { "line": 87, "column": 0 },
        "end": { "line": 87, "column": 12 }
      },
      "90": {
        "start": { "line": 91, "column": 0 },
        "end": { "line": 91, "column": 27 }
      },
      "91": {
        "start": { "line": 92, "column": 0 },
        "end": { "line": 92, "column": 10 }
      },
      "92": {
        "start": { "line": 93, "column": 0 },
        "end": { "line": 93, "column": 67 }
      },
      "93": {
        "start": { "line": 94, "column": 0 },
        "end": { "line": 94, "column": 46 }
      },
      "94": {
        "start": { "line": 95, "column": 0 },
        "end": { "line": 95, "column": 63 }
      },
      "96": {
        "start": { "line": 97, "column": 0 },
        "end": { "line": 97, "column": 51 }
      },
      "100": {
        "start": { "line": 101, "column": 0 },
        "end": { "line": 101, "column": 21 }
      },
      "101": {
        "start": { "line": 102, "column": 0 },
        "end": { "line": 102, "column": 41 }
      },
      "102": {
        "start": { "line": 103, "column": 0 },
        "end": { "line": 103, "column": 59 }
      },
      "103": {
        "start": { "line": 104, "column": 0 },
        "end": { "line": 104, "column": 7 }
      },
      "104": {
        "start": { "line": 105, "column": 0 },
        "end": { "line": 105, "column": 11 }
      },
      "105": {
        "start": { "line": 106, "column": 0 },
        "end": { "line": 106, "column": 49 }
      },
      "106": {
        "start": { "line": 107, "column": 0 },
        "end": { "line": 107, "column": 53 }
      },
      "107": {
        "start": { "line": 108, "column": 0 },
        "end": { "line": 108, "column": 11 }
      },
      "108": {
        "start": { "line": 109, "column": 0 },
        "end": { "line": 109, "column": 11 }
      },
      "109": {
        "start": { "line": 110, "column": 0 },
        "end": { "line": 110, "column": 42 }
      },
      "110": {
        "start": { "line": 111, "column": 0 },
        "end": { "line": 111, "column": 46 }
      },
      "111": {
        "start": { "line": 112, "column": 0 },
        "end": { "line": 112, "column": 12 }
      },
      "113": {
        "start": { "line": 114, "column": 0 },
        "end": { "line": 114, "column": 41 }
      },
      "116": {
        "start": { "line": 117, "column": 0 },
        "end": { "line": 117, "column": 63 }
      },
      "117": {
        "start": { "line": 118, "column": 0 },
        "end": { "line": 118, "column": 6 }
      },
      "118": {
        "start": { "line": 119, "column": 0 },
        "end": { "line": 119, "column": 4 }
      },
      "119": {
        "start": { "line": 120, "column": 0 },
        "end": { "line": 120, "column": 2 }
      },
      "121": {
        "start": { "line": 122, "column": 0 },
        "end": { "line": 122, "column": 38 }
      },
      "124": {
        "start": { "line": 125, "column": 0 },
        "end": { "line": 125, "column": 21 }
      },
      "126": {
        "start": { "line": 127, "column": 0 },
        "end": { "line": 127, "column": 50 }
      },
      "128": {
        "start": { "line": 129, "column": 0 },
        "end": { "line": 129, "column": 43 }
      },
      "131": {
        "start": { "line": 132, "column": 0 },
        "end": { "line": 132, "column": 51 }
      },
      "132": {
        "start": { "line": 133, "column": 0 },
        "end": { "line": 133, "column": 46 }
      },
      "140": {
        "start": { "line": 141, "column": 0 },
        "end": { "line": 141, "column": 16 }
      },
      "141": {
        "start": { "line": 142, "column": 0 },
        "end": { "line": 142, "column": 53 }
      },
      "142": {
        "start": { "line": 143, "column": 0 },
        "end": { "line": 143, "column": 77 }
      },
      "143": {
        "start": { "line": 144, "column": 0 },
        "end": { "line": 144, "column": 4 }
      },
      "145": {
        "start": { "line": 146, "column": 0 },
        "end": { "line": 146, "column": 35 }
      },
      "148": {
        "start": { "line": 149, "column": 0 },
        "end": { "line": 149, "column": 51 }
      },
      "149": {
        "start": { "line": 150, "column": 0 },
        "end": { "line": 150, "column": 46 }
      },
      "156": {
        "start": { "line": 157, "column": 0 },
        "end": { "line": 157, "column": 6 }
      },
      "160": {
        "start": { "line": 161, "column": 0 },
        "end": { "line": 161, "column": 18 }
      },
      "163": {
        "start": { "line": 164, "column": 0 },
        "end": { "line": 164, "column": 25 }
      },
      "164": {
        "start": { "line": 165, "column": 0 },
        "end": { "line": 165, "column": 34 }
      },
      "168": {
        "start": { "line": 169, "column": 0 },
        "end": { "line": 169, "column": 29 }
      },
      "169": {
        "start": { "line": 170, "column": 0 },
        "end": { "line": 170, "column": 75 }
      },
      "170": {
        "start": { "line": 171, "column": 0 },
        "end": { "line": 171, "column": 17 }
      },
      "171": {
        "start": { "line": 172, "column": 0 },
        "end": { "line": 172, "column": 76 }
      },
      "173": {
        "start": { "line": 174, "column": 0 },
        "end": { "line": 174, "column": 44 }
      },
      "174": {
        "start": { "line": 175, "column": 0 },
        "end": { "line": 175, "column": 17 }
      },
      "175": {
        "start": { "line": 176, "column": 0 },
        "end": { "line": 176, "column": 18 }
      },
      "176": {
        "start": { "line": 177, "column": 0 },
        "end": { "line": 177, "column": 43 }
      },
      "177": {
        "start": { "line": 178, "column": 0 },
        "end": { "line": 178, "column": 8 }
      },
      "179": {
        "start": { "line": 180, "column": 0 },
        "end": { "line": 180, "column": 44 }
      },
      "180": {
        "start": { "line": 181, "column": 0 },
        "end": { "line": 181, "column": 36 }
      },
      "181": {
        "start": { "line": 182, "column": 0 },
        "end": { "line": 182, "column": 20 }
      },
      "182": {
        "start": { "line": 183, "column": 0 },
        "end": { "line": 183, "column": 36 }
      },
      "191": {
        "start": { "line": 192, "column": 0 },
        "end": { "line": 192, "column": 10 }
      },
      "192": {
        "start": { "line": 193, "column": 0 },
        "end": { "line": 193, "column": 8 }
      },
      "194": {
        "start": { "line": 195, "column": 0 },
        "end": { "line": 195, "column": 16 }
      },
      "195": {
        "start": { "line": 196, "column": 0 },
        "end": { "line": 196, "column": 7 }
      },
      "197": {
        "start": { "line": 198, "column": 0 },
        "end": { "line": 198, "column": 17 }
      },
      "200": {
        "start": { "line": 201, "column": 0 },
        "end": { "line": 201, "column": 25 }
      },
      "201": {
        "start": { "line": 202, "column": 0 },
        "end": { "line": 202, "column": 29 }
      },
      "202": {
        "start": { "line": 203, "column": 0 },
        "end": { "line": 203, "column": 27 }
      },
      "206": {
        "start": { "line": 207, "column": 0 },
        "end": { "line": 207, "column": 29 }
      },
      "207": {
        "start": { "line": 208, "column": 0 },
        "end": { "line": 208, "column": 75 }
      },
      "208": {
        "start": { "line": 209, "column": 0 },
        "end": { "line": 209, "column": 17 }
      },
      "209": {
        "start": { "line": 210, "column": 0 },
        "end": { "line": 210, "column": 63 }
      },
      "211": {
        "start": { "line": 212, "column": 0 },
        "end": { "line": 212, "column": 25 }
      },
      "212": {
        "start": { "line": 213, "column": 0 },
        "end": { "line": 213, "column": 78 }
      },
      "216": {
        "start": { "line": 217, "column": 0 },
        "end": { "line": 217, "column": 48 }
      },
      "217": {
        "start": { "line": 218, "column": 0 },
        "end": { "line": 218, "column": 18 }
      },
      "218": {
        "start": { "line": 219, "column": 0 },
        "end": { "line": 219, "column": 29 }
      },
      "219": {
        "start": { "line": 220, "column": 0 },
        "end": { "line": 220, "column": 31 }
      },
      "220": {
        "start": { "line": 221, "column": 0 },
        "end": { "line": 221, "column": 12 }
      },
      "222": {
        "start": { "line": 223, "column": 0 },
        "end": { "line": 223, "column": 44 }
      },
      "223": {
        "start": { "line": 224, "column": 0 },
        "end": { "line": 224, "column": 22 }
      },
      "224": {
        "start": { "line": 225, "column": 0 },
        "end": { "line": 225, "column": 62 }
      },
      "225": {
        "start": { "line": 226, "column": 0 },
        "end": { "line": 226, "column": 29 }
      },
      "226": {
        "start": { "line": 227, "column": 0 },
        "end": { "line": 227, "column": 37 }
      },
      "227": {
        "start": { "line": 228, "column": 0 },
        "end": { "line": 228, "column": 42 }
      },
      "228": {
        "start": { "line": 229, "column": 0 },
        "end": { "line": 229, "column": 10 }
      },
      "229": {
        "start": { "line": 230, "column": 0 },
        "end": { "line": 230, "column": 39 }
      },
      "230": {
        "start": { "line": 231, "column": 0 },
        "end": { "line": 231, "column": 8 }
      },
      "232": {
        "start": { "line": 233, "column": 0 },
        "end": { "line": 233, "column": 33 }
      },
      "233": {
        "start": { "line": 234, "column": 0 },
        "end": { "line": 234, "column": 37 }
      },
      "234": {
        "start": { "line": 235, "column": 0 },
        "end": { "line": 235, "column": 13 }
      },
      "235": {
        "start": { "line": 236, "column": 0 },
        "end": { "line": 236, "column": 38 }
      },
      "244": {
        "start": { "line": 245, "column": 0 },
        "end": { "line": 245, "column": 10 }
      },
      "245": {
        "start": { "line": 246, "column": 0 },
        "end": { "line": 246, "column": 8 }
      },
      "246": {
        "start": { "line": 247, "column": 0 },
        "end": { "line": 247, "column": 7 }
      },
      "248": {
        "start": { "line": 249, "column": 0 },
        "end": { "line": 249, "column": 19 }
      },
      "251": {
        "start": { "line": 252, "column": 0 },
        "end": { "line": 252, "column": 25 }
      },
      "252": {
        "start": { "line": 253, "column": 0 },
        "end": { "line": 253, "column": 29 }
      },
      "253": {
        "start": { "line": 254, "column": 0 },
        "end": { "line": 254, "column": 31 }
      },
      "257": {
        "start": { "line": 258, "column": 0 },
        "end": { "line": 258, "column": 29 }
      },
      "258": {
        "start": { "line": 259, "column": 0 },
        "end": { "line": 259, "column": 75 }
      },
      "259": {
        "start": { "line": 260, "column": 0 },
        "end": { "line": 260, "column": 17 }
      },
      "260": {
        "start": { "line": 261, "column": 0 },
        "end": { "line": 261, "column": 63 }
      },
      "262": {
        "start": { "line": 263, "column": 0 },
        "end": { "line": 263, "column": 25 }
      },
      "263": {
        "start": { "line": 264, "column": 0 },
        "end": { "line": 264, "column": 78 }
      },
      "267": {
        "start": { "line": 268, "column": 0 },
        "end": { "line": 268, "column": 77 }
      },
      "269": {
        "start": { "line": 270, "column": 0 },
        "end": { "line": 270, "column": 33 }
      },
      "270": {
        "start": { "line": 271, "column": 0 },
        "end": { "line": 271, "column": 37 }
      },
      "271": {
        "start": { "line": 272, "column": 0 },
        "end": { "line": 272, "column": 13 }
      },
      "272": {
        "start": { "line": 273, "column": 0 },
        "end": { "line": 273, "column": 38 }
      },
      "281": {
        "start": { "line": 282, "column": 0 },
        "end": { "line": 282, "column": 10 }
      },
      "282": {
        "start": { "line": 283, "column": 0 },
        "end": { "line": 283, "column": 8 }
      },
      "283": {
        "start": { "line": 284, "column": 0 },
        "end": { "line": 284, "column": 7 }
      },
      "285": {
        "start": { "line": 286, "column": 0 },
        "end": { "line": 286, "column": 19 }
      },
      "288": {
        "start": { "line": 289, "column": 0 },
        "end": { "line": 289, "column": 26 }
      },
      "289": {
        "start": { "line": 290, "column": 0 },
        "end": { "line": 290, "column": 29 }
      },
      "290": {
        "start": { "line": 291, "column": 0 },
        "end": { "line": 291, "column": 61 }
      },
      "292": {
        "start": { "line": 293, "column": 0 },
        "end": { "line": 293, "column": 10 }
      },
      "293": {
        "start": { "line": 294, "column": 0 },
        "end": { "line": 294, "column": 11 }
      },
      "294": {
        "start": { "line": 295, "column": 0 },
        "end": { "line": 295, "column": 10 }
      },
      "295": {
        "start": { "line": 296, "column": 0 },
        "end": { "line": 296, "column": 12 }
      },
      "296": {
        "start": { "line": 297, "column": 0 },
        "end": { "line": 297, "column": 20 }
      },
      "297": {
        "start": { "line": 298, "column": 0 },
        "end": { "line": 298, "column": 4 }
      },
      "298": {
        "start": { "line": 299, "column": 0 },
        "end": { "line": 299, "column": 2 }
      },
      "300": {
        "start": { "line": 301, "column": 0 },
        "end": { "line": 301, "column": 38 }
      },
      "303": {
        "start": { "line": 304, "column": 0 },
        "end": { "line": 304, "column": 21 }
      },
      "305": {
        "start": { "line": 306, "column": 0 },
        "end": { "line": 306, "column": 50 }
      },
      "307": {
        "start": { "line": 308, "column": 0 },
        "end": { "line": 308, "column": 43 }
      },
      "310": {
        "start": { "line": 311, "column": 0 },
        "end": { "line": 311, "column": 51 }
      },
      "311": {
        "start": { "line": 312, "column": 0 },
        "end": { "line": 312, "column": 46 }
      },
      "319": {
        "start": { "line": 320, "column": 0 },
        "end": { "line": 320, "column": 16 }
      },
      "320": {
        "start": { "line": 321, "column": 0 },
        "end": { "line": 321, "column": 53 }
      },
      "321": {
        "start": { "line": 322, "column": 0 },
        "end": { "line": 322, "column": 77 }
      },
      "322": {
        "start": { "line": 323, "column": 0 },
        "end": { "line": 323, "column": 4 }
      },
      "416": {
        "start": { "line": 417, "column": 0 },
        "end": { "line": 417, "column": 37 }
      },
      "425": {
        "start": { "line": 426, "column": 0 },
        "end": { "line": 426, "column": 23 }
      },
      "426": {
        "start": { "line": 427, "column": 0 },
        "end": { "line": 427, "column": 60 }
      },
      "427": {
        "start": { "line": 428, "column": 0 },
        "end": { "line": 428, "column": 51 }
      },
      "428": {
        "start": { "line": 429, "column": 0 },
        "end": { "line": 429, "column": 60 }
      },
      "437": {
        "start": { "line": 438, "column": 0 },
        "end": { "line": 438, "column": 22 }
      },
      "442": {
        "start": { "line": 443, "column": 0 },
        "end": { "line": 443, "column": 25 }
      },
      "443": {
        "start": { "line": 444, "column": 0 },
        "end": { "line": 444, "column": 43 }
      },
      "453": {
        "start": { "line": 454, "column": 0 },
        "end": { "line": 454, "column": 8 }
      },
      "454": {
        "start": { "line": 455, "column": 0 },
        "end": { "line": 455, "column": 71 }
      },
      "455": {
        "start": { "line": 456, "column": 0 },
        "end": { "line": 456, "column": 48 }
      },
      "457": {
        "start": { "line": 458, "column": 0 },
        "end": { "line": 458, "column": 16 }
      },
      "458": {
        "start": { "line": 459, "column": 0 },
        "end": { "line": 459, "column": 26 }
      },
      "459": {
        "start": { "line": 460, "column": 0 },
        "end": { "line": 460, "column": 28 }
      },
      "460": {
        "start": { "line": 461, "column": 0 },
        "end": { "line": 461, "column": 27 }
      },
      "461": {
        "start": { "line": 462, "column": 0 },
        "end": { "line": 462, "column": 38 }
      },
      "462": {
        "start": { "line": 463, "column": 0 },
        "end": { "line": 463, "column": 25 }
      },
      "463": {
        "start": { "line": 464, "column": 0 },
        "end": { "line": 464, "column": 31 }
      },
      "464": {
        "start": { "line": 465, "column": 0 },
        "end": { "line": 465, "column": 16 }
      },
      "465": {
        "start": { "line": 466, "column": 0 },
        "end": { "line": 466, "column": 74 }
      },
      "466": {
        "start": { "line": 467, "column": 0 },
        "end": { "line": 467, "column": 14 }
      },
      "467": {
        "start": { "line": 468, "column": 0 },
        "end": { "line": 468, "column": 11 }
      },
      "468": {
        "start": { "line": 469, "column": 0 },
        "end": { "line": 469, "column": 20 }
      },
      "469": {
        "start": { "line": 470, "column": 0 },
        "end": { "line": 470, "column": 8 }
      },
      "470": {
        "start": { "line": 471, "column": 0 },
        "end": { "line": 471, "column": 21 }
      },
      "471": {
        "start": { "line": 472, "column": 0 },
        "end": { "line": 472, "column": 28 }
      },
      "472": {
        "start": { "line": 473, "column": 0 },
        "end": { "line": 473, "column": 15 }
      },
      "473": {
        "start": { "line": 474, "column": 0 },
        "end": { "line": 474, "column": 35 }
      },
      "474": {
        "start": { "line": 475, "column": 0 },
        "end": { "line": 475, "column": 24 }
      },
      "475": {
        "start": { "line": 476, "column": 0 },
        "end": { "line": 476, "column": 45 }
      },
      "476": {
        "start": { "line": 477, "column": 0 },
        "end": { "line": 477, "column": 61 }
      },
      "477": {
        "start": { "line": 478, "column": 0 },
        "end": { "line": 478, "column": 15 }
      },
      "478": {
        "start": { "line": 479, "column": 0 },
        "end": { "line": 479, "column": 10 }
      },
      "479": {
        "start": { "line": 480, "column": 0 },
        "end": { "line": 480, "column": 8 }
      },
      "480": {
        "start": { "line": 481, "column": 0 },
        "end": { "line": 481, "column": 76 }
      },
      "481": {
        "start": { "line": 482, "column": 0 },
        "end": { "line": 482, "column": 6 }
      },
      "482": {
        "start": { "line": 483, "column": 0 },
        "end": { "line": 483, "column": 4 }
      },
      "484": {
        "start": { "line": 485, "column": 0 },
        "end": { "line": 485, "column": 45 }
      },
      "485": {
        "start": { "line": 486, "column": 0 },
        "end": { "line": 486, "column": 52 }
      },
      "486": {
        "start": { "line": 487, "column": 0 },
        "end": { "line": 487, "column": 8 }
      },
      "487": {
        "start": { "line": 488, "column": 0 },
        "end": { "line": 488, "column": 28 }
      },
      "488": {
        "start": { "line": 489, "column": 0 },
        "end": { "line": 489, "column": 49 }
      },
      "490": {
        "start": { "line": 491, "column": 0 },
        "end": { "line": 491, "column": 21 }
      },
      "491": {
        "start": { "line": 492, "column": 0 },
        "end": { "line": 492, "column": 18 }
      },
      "492": {
        "start": { "line": 493, "column": 0 },
        "end": { "line": 493, "column": 29 }
      },
      "493": {
        "start": { "line": 494, "column": 0 },
        "end": { "line": 494, "column": 31 }
      },
      "494": {
        "start": { "line": 495, "column": 0 },
        "end": { "line": 495, "column": 12 }
      },
      "495": {
        "start": { "line": 496, "column": 0 },
        "end": { "line": 496, "column": 12 }
      },
      "496": {
        "start": { "line": 497, "column": 0 },
        "end": { "line": 497, "column": 52 }
      },
      "498": {
        "start": { "line": 499, "column": 0 },
        "end": { "line": 499, "column": 24 }
      },
      "499": {
        "start": { "line": 500, "column": 0 },
        "end": { "line": 500, "column": 35 }
      },
      "502": {
        "start": { "line": 503, "column": 0 },
        "end": { "line": 503, "column": 25 }
      },
      "503": {
        "start": { "line": 504, "column": 0 },
        "end": { "line": 504, "column": 8 }
      },
      "504": {
        "start": { "line": 505, "column": 0 },
        "end": { "line": 505, "column": 5 }
      },
      "505": {
        "start": { "line": 506, "column": 0 },
        "end": { "line": 506, "column": 36 }
      },
      "507": {
        "start": { "line": 508, "column": 0 },
        "end": { "line": 508, "column": 48 }
      },
      "512": {
        "start": { "line": 513, "column": 0 },
        "end": { "line": 513, "column": 25 }
      },
      "513": {
        "start": { "line": 514, "column": 0 },
        "end": { "line": 514, "column": 23 }
      },
      "525": {
        "start": { "line": 526, "column": 0 },
        "end": { "line": 526, "column": 27 }
      },
      "526": {
        "start": { "line": 527, "column": 0 },
        "end": { "line": 527, "column": 8 }
      },
      "527": {
        "start": { "line": 528, "column": 0 },
        "end": { "line": 528, "column": 11 }
      },
      "528": {
        "start": { "line": 529, "column": 0 },
        "end": { "line": 529, "column": 21 }
      },
      "529": {
        "start": { "line": 530, "column": 0 },
        "end": { "line": 530, "column": 17 }
      },
      "530": {
        "start": { "line": 531, "column": 0 },
        "end": { "line": 531, "column": 8 }
      },
      "540": {
        "start": { "line": 541, "column": 0 },
        "end": { "line": 541, "column": 37 }
      },
      "541": {
        "start": { "line": 542, "column": 0 },
        "end": { "line": 542, "column": 11 }
      },
      "542": {
        "start": { "line": 543, "column": 0 },
        "end": { "line": 543, "column": 58 }
      },
      "543": {
        "start": { "line": 544, "column": 0 },
        "end": { "line": 544, "column": 46 }
      },
      "544": {
        "start": { "line": 545, "column": 0 },
        "end": { "line": 545, "column": 11 }
      },
      "545": {
        "start": { "line": 546, "column": 0 },
        "end": { "line": 546, "column": 49 }
      },
      "546": {
        "start": { "line": 547, "column": 0 },
        "end": { "line": 547, "column": 31 }
      },
      "547": {
        "start": { "line": 548, "column": 0 },
        "end": { "line": 548, "column": 15 }
      },
      "548": {
        "start": { "line": 549, "column": 0 },
        "end": { "line": 549, "column": 38 }
      },
      "549": {
        "start": { "line": 550, "column": 0 },
        "end": { "line": 550, "column": 60 }
      },
      "550": {
        "start": { "line": 551, "column": 0 },
        "end": { "line": 551, "column": 50 }
      },
      "551": {
        "start": { "line": 552, "column": 0 },
        "end": { "line": 552, "column": 15 }
      },
      "552": {
        "start": { "line": 553, "column": 0 },
        "end": { "line": 553, "column": 15 }
      },
      "553": {
        "start": { "line": 554, "column": 0 },
        "end": { "line": 554, "column": 38 }
      },
      "554": {
        "start": { "line": 555, "column": 0 },
        "end": { "line": 555, "column": 60 }
      },
      "555": {
        "start": { "line": 556, "column": 0 },
        "end": { "line": 556, "column": 50 }
      },
      "556": {
        "start": { "line": 557, "column": 0 },
        "end": { "line": 557, "column": 15 }
      },
      "557": {
        "start": { "line": 558, "column": 0 },
        "end": { "line": 558, "column": 13 }
      },
      "558": {
        "start": { "line": 559, "column": 0 },
        "end": { "line": 559, "column": 60 }
      },
      "559": {
        "start": { "line": 560, "column": 0 },
        "end": { "line": 560, "column": 60 }
      },
      "560": {
        "start": { "line": 561, "column": 0 },
        "end": { "line": 561, "column": 14 }
      },
      "562": {
        "start": { "line": 563, "column": 0 },
        "end": { "line": 563, "column": 30 }
      },
      "563": {
        "start": { "line": 564, "column": 0 },
        "end": { "line": 564, "column": 44 }
      },
      "564": {
        "start": { "line": 565, "column": 0 },
        "end": { "line": 565, "column": 21 }
      },
      "565": {
        "start": { "line": 566, "column": 0 },
        "end": { "line": 566, "column": 17 }
      },
      "566": {
        "start": { "line": 567, "column": 0 },
        "end": { "line": 567, "column": 6 }
      },
      "568": {
        "start": { "line": 569, "column": 0 },
        "end": { "line": 569, "column": 75 }
      },
      "569": {
        "start": { "line": 570, "column": 0 },
        "end": { "line": 570, "column": 19 }
      },
      "570": {
        "start": { "line": 571, "column": 0 },
        "end": { "line": 571, "column": 16 }
      },
      "571": {
        "start": { "line": 572, "column": 0 },
        "end": { "line": 572, "column": 41 }
      },
      "572": {
        "start": { "line": 573, "column": 0 },
        "end": { "line": 573, "column": 6 }
      },
      "573": {
        "start": { "line": 574, "column": 0 },
        "end": { "line": 574, "column": 4 }
      },
      "575": {
        "start": { "line": 576, "column": 0 },
        "end": { "line": 576, "column": 77 }
      },
      "576": {
        "start": { "line": 577, "column": 0 },
        "end": { "line": 577, "column": 68 }
      },
      "577": {
        "start": { "line": 578, "column": 0 },
        "end": { "line": 578, "column": 26 }
      },
      "578": {
        "start": { "line": 579, "column": 0 },
        "end": { "line": 579, "column": 25 }
      },
      "579": {
        "start": { "line": 580, "column": 0 },
        "end": { "line": 580, "column": 50 }
      },
      "580": {
        "start": { "line": 581, "column": 0 },
        "end": { "line": 581, "column": 16 }
      },
      "581": {
        "start": { "line": 582, "column": 0 },
        "end": { "line": 582, "column": 41 }
      },
      "582": {
        "start": { "line": 583, "column": 0 },
        "end": { "line": 583, "column": 6 }
      },
      "584": {
        "start": { "line": 585, "column": 0 },
        "end": { "line": 585, "column": 10 }
      },
      "585": {
        "start": { "line": 586, "column": 0 },
        "end": { "line": 586, "column": 8 }
      },
      "586": {
        "start": { "line": 587, "column": 0 },
        "end": { "line": 587, "column": 10 }
      },
      "587": {
        "start": { "line": 588, "column": 0 },
        "end": { "line": 588, "column": 11 }
      },
      "588": {
        "start": { "line": 589, "column": 0 },
        "end": { "line": 589, "column": 4 }
      },
      "589": {
        "start": { "line": 590, "column": 0 },
        "end": { "line": 590, "column": 2 }
      },
      "591": {
        "start": { "line": 592, "column": 0 },
        "end": { "line": 592, "column": 15 }
      },
      "592": {
        "start": { "line": 593, "column": 0 },
        "end": { "line": 593, "column": 3 }
      },
      "601": {
        "start": { "line": 602, "column": 0 },
        "end": { "line": 602, "column": 25 }
      },
      "602": {
        "start": { "line": 603, "column": 0 },
        "end": { "line": 603, "column": 62 }
      },
      "603": {
        "start": { "line": 604, "column": 0 },
        "end": { "line": 604, "column": 53 }
      },
      "605": {
        "start": { "line": 606, "column": 0 },
        "end": { "line": 606, "column": 31 }
      },
      "606": {
        "start": { "line": 607, "column": 0 },
        "end": { "line": 607, "column": 9 }
      },
      "607": {
        "start": { "line": 608, "column": 0 },
        "end": { "line": 608, "column": 57 }
      },
      "608": {
        "start": { "line": 609, "column": 0 },
        "end": { "line": 609, "column": 21 }
      },
      "609": {
        "start": { "line": 610, "column": 0 },
        "end": { "line": 610, "column": 73 }
      },
      "610": {
        "start": { "line": 611, "column": 0 },
        "end": { "line": 611, "column": 8 }
      },
      "611": {
        "start": { "line": 612, "column": 0 },
        "end": { "line": 612, "column": 76 }
      },
      "612": {
        "start": { "line": 613, "column": 0 },
        "end": { "line": 613, "column": 6 }
      },
      "645": {
        "start": { "line": 646, "column": 0 },
        "end": { "line": 646, "column": 33 }
      },
      "649": {
        "start": { "line": 650, "column": 0 },
        "end": { "line": 650, "column": 71 }
      },
      "650": {
        "start": { "line": 651, "column": 0 },
        "end": { "line": 651, "column": 23 }
      },
      "651": {
        "start": { "line": 652, "column": 0 },
        "end": { "line": 652, "column": 65 }
      },
      "652": {
        "start": { "line": 653, "column": 0 },
        "end": { "line": 653, "column": 56 }
      },
      "657": {
        "start": { "line": 658, "column": 0 },
        "end": { "line": 658, "column": 71 }
      },
      "658": {
        "start": { "line": 659, "column": 0 },
        "end": { "line": 659, "column": 17 }
      },
      "659": {
        "start": { "line": 660, "column": 0 },
        "end": { "line": 660, "column": 4 }
      },
      "661": {
        "start": { "line": 662, "column": 0 },
        "end": { "line": 662, "column": 61 }
      },
      "662": {
        "start": { "line": 663, "column": 0 },
        "end": { "line": 663, "column": 74 }
      },
      "664": {
        "start": { "line": 665, "column": 0 },
        "end": { "line": 665, "column": 59 }
      },
      "665": {
        "start": { "line": 666, "column": 0 },
        "end": { "line": 666, "column": 51 }
      },
      "667": {
        "start": { "line": 668, "column": 0 },
        "end": { "line": 668, "column": 66 }
      },
      "668": {
        "start": { "line": 669, "column": 0 },
        "end": { "line": 669, "column": 9 }
      },
      "669": {
        "start": { "line": 670, "column": 0 },
        "end": { "line": 670, "column": 15 }
      },
      "670": {
        "start": { "line": 671, "column": 0 },
        "end": { "line": 671, "column": 21 }
      },
      "671": {
        "start": { "line": 672, "column": 0 },
        "end": { "line": 672, "column": 24 }
      },
      "672": {
        "start": { "line": 673, "column": 0 },
        "end": { "line": 673, "column": 58 }
      },
      "673": {
        "start": { "line": 674, "column": 0 },
        "end": { "line": 674, "column": 6 }
      },
      "675": {
        "start": { "line": 676, "column": 0 },
        "end": { "line": 676, "column": 63 }
      },
      "676": {
        "start": { "line": 677, "column": 0 },
        "end": { "line": 677, "column": 73 }
      },
      "678": {
        "start": { "line": 679, "column": 0 },
        "end": { "line": 679, "column": 72 }
      },
      "679": {
        "start": { "line": 680, "column": 0 },
        "end": { "line": 680, "column": 29 }
      },
      "680": {
        "start": { "line": 681, "column": 0 },
        "end": { "line": 681, "column": 58 }
      },
      "681": {
        "start": { "line": 682, "column": 0 },
        "end": { "line": 682, "column": 32 }
      },
      "682": {
        "start": { "line": 683, "column": 0 },
        "end": { "line": 683, "column": 8 }
      },
      "684": {
        "start": { "line": 685, "column": 0 },
        "end": { "line": 685, "column": 47 }
      },
      "685": {
        "start": { "line": 686, "column": 0 },
        "end": { "line": 686, "column": 30 }
      },
      "686": {
        "start": { "line": 687, "column": 0 },
        "end": { "line": 687, "column": 39 }
      },
      "687": {
        "start": { "line": 688, "column": 0 },
        "end": { "line": 688, "column": 8 }
      },
      "689": {
        "start": { "line": 690, "column": 0 },
        "end": { "line": 690, "column": 14 }
      },
      "690": {
        "start": { "line": 691, "column": 0 },
        "end": { "line": 691, "column": 25 }
      },
      "691": {
        "start": { "line": 692, "column": 0 },
        "end": { "line": 692, "column": 40 }
      },
      "692": {
        "start": { "line": 693, "column": 0 },
        "end": { "line": 693, "column": 56 }
      },
      "701": {
        "start": { "line": 702, "column": 0 },
        "end": { "line": 702, "column": 8 }
      },
      "702": {
        "start": { "line": 703, "column": 0 },
        "end": { "line": 703, "column": 7 }
      },
      "704": {
        "start": { "line": 705, "column": 0 },
        "end": { "line": 705, "column": 10 }
      },
      "705": {
        "start": { "line": 706, "column": 0 },
        "end": { "line": 706, "column": 10 }
      },
      "706": {
        "start": { "line": 707, "column": 0 },
        "end": { "line": 707, "column": 9 }
      },
      "707": {
        "start": { "line": 708, "column": 0 },
        "end": { "line": 708, "column": 12 }
      },
      "708": {
        "start": { "line": 709, "column": 0 },
        "end": { "line": 709, "column": 13 }
      },
      "709": {
        "start": { "line": 710, "column": 0 },
        "end": { "line": 710, "column": 11 }
      },
      "710": {
        "start": { "line": 711, "column": 0 },
        "end": { "line": 711, "column": 4 }
      },
      "711": {
        "start": { "line": 712, "column": 0 },
        "end": { "line": 712, "column": 2 }
      },
      "717": {
        "start": { "line": 718, "column": 0 },
        "end": { "line": 718, "column": 29 }
      },
      "742": {
        "start": { "line": 743, "column": 0 },
        "end": { "line": 743, "column": 4 }
      },
      "743": {
        "start": { "line": 744, "column": 0 },
        "end": { "line": 744, "column": 3 }
      },
      "747": {
        "start": { "line": 748, "column": 0 },
        "end": { "line": 748, "column": 57 }
      },
      "748": {
        "start": { "line": 749, "column": 0 },
        "end": { "line": 749, "column": 25 }
      },
      "749": {
        "start": { "line": 750, "column": 0 },
        "end": { "line": 750, "column": 78 }
      },
      "754": {
        "start": { "line": 755, "column": 0 },
        "end": { "line": 755, "column": 29 }
      },
      "760": {
        "start": { "line": 761, "column": 0 },
        "end": { "line": 761, "column": 69 }
      },
      "762": {
        "start": { "line": 763, "column": 0 },
        "end": { "line": 763, "column": 37 }
      },
      "763": {
        "start": { "line": 764, "column": 0 },
        "end": { "line": 764, "column": 19 }
      },
      "764": {
        "start": { "line": 765, "column": 0 },
        "end": { "line": 765, "column": 35 }
      },
      "765": {
        "start": { "line": 766, "column": 0 },
        "end": { "line": 766, "column": 53 }
      },
      "766": {
        "start": { "line": 767, "column": 0 },
        "end": { "line": 767, "column": 35 }
      },
      "767": {
        "start": { "line": 768, "column": 0 },
        "end": { "line": 768, "column": 39 }
      },
      "768": {
        "start": { "line": 769, "column": 0 },
        "end": { "line": 769, "column": 71 }
      },
      "770": {
        "start": { "line": 771, "column": 0 },
        "end": { "line": 771, "column": 51 }
      },
      "771": {
        "start": { "line": 772, "column": 0 },
        "end": { "line": 772, "column": 24 }
      },
      "772": {
        "start": { "line": 773, "column": 0 },
        "end": { "line": 773, "column": 33 }
      },
      "773": {
        "start": { "line": 774, "column": 0 },
        "end": { "line": 774, "column": 46 }
      },
      "774": {
        "start": { "line": 775, "column": 0 },
        "end": { "line": 775, "column": 15 }
      },
      "775": {
        "start": { "line": 776, "column": 0 },
        "end": { "line": 776, "column": 13 }
      },
      "776": {
        "start": { "line": 777, "column": 0 },
        "end": { "line": 777, "column": 10 }
      },
      "777": {
        "start": { "line": 778, "column": 0 },
        "end": { "line": 778, "column": 8 }
      },
      "779": {
        "start": { "line": 780, "column": 0 },
        "end": { "line": 780, "column": 24 }
      },
      "780": {
        "start": { "line": 781, "column": 0 },
        "end": { "line": 781, "column": 7 }
      },
      "781": {
        "start": { "line": 782, "column": 0 },
        "end": { "line": 782, "column": 2 }
      },
      "783": {
        "start": { "line": 784, "column": 0 },
        "end": { "line": 784, "column": 29 }
      },
      "808": {
        "start": { "line": 809, "column": 0 },
        "end": { "line": 809, "column": 4 }
      },
      "809": {
        "start": { "line": 810, "column": 0 },
        "end": { "line": 810, "column": 3 }
      },
      "813": {
        "start": { "line": 814, "column": 0 },
        "end": { "line": 814, "column": 56 }
      },
      "814": {
        "start": { "line": 815, "column": 0 },
        "end": { "line": 815, "column": 25 }
      },
      "815": {
        "start": { "line": 816, "column": 0 },
        "end": { "line": 816, "column": 78 }
      },
      "820": {
        "start": { "line": 821, "column": 0 },
        "end": { "line": 821, "column": 29 }
      },
      "821": {
        "start": { "line": 822, "column": 0 },
        "end": { "line": 822, "column": 65 }
      },
      "822": {
        "start": { "line": 823, "column": 0 },
        "end": { "line": 823, "column": 18 }
      },
      "823": {
        "start": { "line": 824, "column": 0 },
        "end": { "line": 824, "column": 20 }
      },
      "824": {
        "start": { "line": 825, "column": 0 },
        "end": { "line": 825, "column": 8 }
      },
      "826": {
        "start": { "line": 827, "column": 0 },
        "end": { "line": 827, "column": 24 }
      },
      "827": {
        "start": { "line": 828, "column": 0 },
        "end": { "line": 828, "column": 64 }
      },
      "829": {
        "start": { "line": 830, "column": 0 },
        "end": { "line": 830, "column": 37 }
      },
      "830": {
        "start": { "line": 831, "column": 0 },
        "end": { "line": 831, "column": 19 }
      },
      "831": {
        "start": { "line": 832, "column": 0 },
        "end": { "line": 832, "column": 51 }
      },
      "832": {
        "start": { "line": 833, "column": 0 },
        "end": { "line": 833, "column": 53 }
      },
      "833": {
        "start": { "line": 834, "column": 0 },
        "end": { "line": 834, "column": 35 }
      },
      "834": {
        "start": { "line": 835, "column": 0 },
        "end": { "line": 835, "column": 39 }
      },
      "835": {
        "start": { "line": 836, "column": 0 },
        "end": { "line": 836, "column": 71 }
      },
      "837": {
        "start": { "line": 838, "column": 0 },
        "end": { "line": 838, "column": 51 }
      },
      "838": {
        "start": { "line": 839, "column": 0 },
        "end": { "line": 839, "column": 24 }
      },
      "839": {
        "start": { "line": 840, "column": 0 },
        "end": { "line": 840, "column": 33 }
      },
      "840": {
        "start": { "line": 841, "column": 0 },
        "end": { "line": 841, "column": 46 }
      },
      "841": {
        "start": { "line": 842, "column": 0 },
        "end": { "line": 842, "column": 15 }
      },
      "842": {
        "start": { "line": 843, "column": 0 },
        "end": { "line": 843, "column": 13 }
      },
      "843": {
        "start": { "line": 844, "column": 0 },
        "end": { "line": 844, "column": 10 }
      },
      "844": {
        "start": { "line": 845, "column": 0 },
        "end": { "line": 845, "column": 8 }
      },
      "846": {
        "start": { "line": 847, "column": 0 },
        "end": { "line": 847, "column": 24 }
      },
      "847": {
        "start": { "line": 848, "column": 0 },
        "end": { "line": 848, "column": 7 }
      },
      "848": {
        "start": { "line": 849, "column": 0 },
        "end": { "line": 849, "column": 2 }
      },
      "854": {
        "start": { "line": 855, "column": 0 },
        "end": { "line": 855, "column": 77 }
      },
      "855": {
        "start": { "line": 856, "column": 0 },
        "end": { "line": 856, "column": 22 }
      },
      "856": {
        "start": { "line": 857, "column": 0 },
        "end": { "line": 857, "column": 24 }
      },
      "857": {
        "start": { "line": 858, "column": 0 },
        "end": { "line": 858, "column": 27 }
      },
      "858": {
        "start": { "line": 859, "column": 0 },
        "end": { "line": 859, "column": 27 }
      },
      "859": {
        "start": { "line": 860, "column": 0 },
        "end": { "line": 860, "column": 48 }
      },
      "860": {
        "start": { "line": 861, "column": 0 },
        "end": { "line": 861, "column": 4 }
      },
      "861": {
        "start": { "line": 862, "column": 0 },
        "end": { "line": 862, "column": 34 }
      },
      "862": {
        "start": { "line": 863, "column": 0 },
        "end": { "line": 863, "column": 136 }
      },
      "863": {
        "start": { "line": 864, "column": 0 },
        "end": { "line": 864, "column": 3 }
      },
      "864": {
        "start": { "line": 865, "column": 0 },
        "end": { "line": 865, "column": 1 }
      },
      "866": {
        "start": { "line": 867, "column": 0 },
        "end": { "line": 867, "column": 71 }
      },
      "867": {
        "start": { "line": 868, "column": 0 },
        "end": { "line": 868, "column": 19 }
      },
      "868": {
        "start": { "line": 869, "column": 0 },
        "end": { "line": 869, "column": 21 }
      },
      "869": {
        "start": { "line": 870, "column": 0 },
        "end": { "line": 870, "column": 20 }
      },
      "870": {
        "start": { "line": 871, "column": 0 },
        "end": { "line": 871, "column": 27 }
      },
      "871": {
        "start": { "line": 872, "column": 0 },
        "end": { "line": 872, "column": 4 }
      },
      "872": {
        "start": { "line": 873, "column": 0 },
        "end": { "line": 873, "column": 34 }
      },
      "873": {
        "start": { "line": 874, "column": 0 },
        "end": { "line": 874, "column": 33 }
      },
      "874": {
        "start": { "line": 875, "column": 0 },
        "end": { "line": 875, "column": 18 }
      },
      "875": {
        "start": { "line": 876, "column": 0 },
        "end": { "line": 876, "column": 32 }
      },
      "876": {
        "start": { "line": 877, "column": 0 },
        "end": { "line": 877, "column": 27 }
      },
      "877": {
        "start": { "line": 878, "column": 0 },
        "end": { "line": 878, "column": 7 }
      },
      "878": {
        "start": { "line": 879, "column": 0 },
        "end": { "line": 879, "column": 3 }
      },
      "879": {
        "start": { "line": 880, "column": 0 },
        "end": { "line": 880, "column": 1 }
      },
      "881": {
        "start": { "line": 882, "column": 0 },
        "end": { "line": 882, "column": 81 }
      },
      "882": {
        "start": { "line": 883, "column": 0 },
        "end": { "line": 883, "column": 24 }
      },
      "883": {
        "start": { "line": 884, "column": 0 },
        "end": { "line": 884, "column": 26 }
      },
      "884": {
        "start": { "line": 885, "column": 0 },
        "end": { "line": 885, "column": 27 }
      },
      "885": {
        "start": { "line": 886, "column": 0 },
        "end": { "line": 886, "column": 20 }
      },
      "886": {
        "start": { "line": 887, "column": 0 },
        "end": { "line": 887, "column": 28 }
      },
      "887": {
        "start": { "line": 888, "column": 0 },
        "end": { "line": 888, "column": 4 }
      },
      "888": {
        "start": { "line": 889, "column": 0 },
        "end": { "line": 889, "column": 34 }
      },
      "889": {
        "start": { "line": 890, "column": 0 },
        "end": { "line": 890, "column": 33 }
      },
      "890": {
        "start": { "line": 891, "column": 0 },
        "end": { "line": 891, "column": 18 }
      },
      "891": {
        "start": { "line": 892, "column": 0 },
        "end": { "line": 892, "column": 32 }
      },
      "892": {
        "start": { "line": 893, "column": 0 },
        "end": { "line": 893, "column": 61 }
      },
      "893": {
        "start": { "line": 894, "column": 0 },
        "end": { "line": 894, "column": 7 }
      },
      "894": {
        "start": { "line": 895, "column": 0 },
        "end": { "line": 895, "column": 3 }
      },
      "895": {
        "start": { "line": 896, "column": 0 },
        "end": { "line": 896, "column": 1 }
      },
      "897": {
        "start": { "line": 898, "column": 0 },
        "end": { "line": 898, "column": 81 }
      },
      "898": {
        "start": { "line": 899, "column": 0 },
        "end": { "line": 899, "column": 24 }
      },
      "899": {
        "start": { "line": 900, "column": 0 },
        "end": { "line": 900, "column": 26 }
      },
      "900": {
        "start": { "line": 901, "column": 0 },
        "end": { "line": 901, "column": 27 }
      },
      "901": {
        "start": { "line": 902, "column": 0 },
        "end": { "line": 902, "column": 20 }
      },
      "902": {
        "start": { "line": 903, "column": 0 },
        "end": { "line": 903, "column": 28 }
      },
      "903": {
        "start": { "line": 904, "column": 0 },
        "end": { "line": 904, "column": 4 }
      },
      "904": {
        "start": { "line": 905, "column": 0 },
        "end": { "line": 905, "column": 34 }
      },
      "905": {
        "start": { "line": 906, "column": 0 },
        "end": { "line": 906, "column": 33 }
      },
      "906": {
        "start": { "line": 907, "column": 0 },
        "end": { "line": 907, "column": 18 }
      },
      "907": {
        "start": { "line": 908, "column": 0 },
        "end": { "line": 908, "column": 32 }
      },
      "908": {
        "start": { "line": 909, "column": 0 },
        "end": { "line": 909, "column": 61 }
      },
      "909": {
        "start": { "line": 910, "column": 0 },
        "end": { "line": 910, "column": 7 }
      },
      "910": {
        "start": { "line": 911, "column": 0 },
        "end": { "line": 911, "column": 3 }
      },
      "911": {
        "start": { "line": 912, "column": 0 },
        "end": { "line": 912, "column": 1 }
      },
      "913": {
        "start": { "line": 914, "column": 0 },
        "end": { "line": 914, "column": 31 }
      },
      "914": {
        "start": { "line": 915, "column": 0 },
        "end": { "line": 915, "column": 5 }
      },
      "915": {
        "start": { "line": 916, "column": 0 },
        "end": { "line": 916, "column": 12 }
      },
      "916": {
        "start": { "line": 917, "column": 0 },
        "end": { "line": 917, "column": 10 }
      },
      "917": {
        "start": { "line": 918, "column": 0 },
        "end": { "line": 918, "column": 4 }
      },
      "921": {
        "start": { "line": 922, "column": 0 },
        "end": { "line": 922, "column": 68 }
      }
    },
    "s": {
      "27": 1,
      "53": 1,
      "63": 1,
      "68": 1,
      "71": 41,
      "72": 41,
      "79": 41,
      "85": 41,
      "86": 41,
      "90": 23,
      "91": 23,
      "92": 23,
      "93": 23,
      "94": 23,
      "96": 23,
      "100": 23,
      "101": 23,
      "102": 23,
      "103": 23,
      "104": 2,
      "105": 2,
      "106": 2,
      "107": 2,
      "108": 21,
      "109": 21,
      "110": 21,
      "111": 21,
      "113": 23,
      "116": 23,
      "117": 23,
      "118": 41,
      "119": 41,
      "121": 1,
      "124": 48,
      "126": 48,
      "128": 1,
      "131": 41,
      "132": 41,
      "140": 41,
      "141": 41,
      "142": 41,
      "143": 41,
      "145": 1,
      "148": 12,
      "149": 12,
      "156": 12,
      "160": 12,
      "163": 2,
      "164": 2,
      "168": 2,
      "169": 2,
      "170": 2,
      "171": 2,
      "173": 2,
      "174": 2,
      "175": 2,
      "176": 2,
      "177": 2,
      "179": 2,
      "180": 2,
      "181": 2,
      "182": 2,
      "191": 2,
      "192": 2,
      "194": 2,
      "195": 2,
      "197": 12,
      "200": 4,
      "201": 4,
      "202": 4,
      "206": 4,
      "207": 4,
      "208": 4,
      "209": 4,
      "211": 4,
      "212": 4,
      "216": 4,
      "217": 4,
      "218": 4,
      "219": 4,
      "220": 4,
      "222": 3,
      "223": 3,
      "224": 3,
      "225": 3,
      "226": 1,
      "227": 2,
      "228": 3,
      "229": 3,
      "230": 3,
      "232": 2,
      "233": 2,
      "234": 2,
      "235": 2,
      "244": 2,
      "245": 2,
      "246": 4,
      "248": 12,
      "251": 1,
      "252": 1,
      "253": 1,
      "257": 1,
      "258": 1,
      "259": 1,
      "260": 1,
      "262": 1,
      "263": 1,
      "267": 1,
      "269": 1,
      "270": 1,
      "271": 1,
      "272": 1,
      "281": 1,
      "282": 1,
      "283": 1,
      "285": 12,
      "288": 2,
      "289": 2,
      "290": 2,
      "292": 12,
      "293": 12,
      "294": 12,
      "295": 12,
      "296": 12,
      "297": 12,
      "298": 12,
      "300": 1,
      "303": 19,
      "305": 19,
      "307": 1,
      "310": 12,
      "311": 12,
      "319": 12,
      "320": 12,
      "321": 12,
      "322": 12,
      "416": 1,
      "425": 23,
      "426": 23,
      "427": 23,
      "428": 23,
      "437": 23,
      "442": 2,
      "443": 2,
      "453": 2,
      "454": 2,
      "455": 2,
      "457": 2,
      "458": 2,
      "459": 2,
      "460": 2,
      "461": 2,
      "462": 2,
      "463": 2,
      "464": 2,
      "465": 2,
      "466": 2,
      "467": 2,
      "468": 2,
      "469": 2,
      "470": 2,
      "471": 2,
      "472": 2,
      "473": 1,
      "474": 1,
      "475": 1,
      "476": 1,
      "477": 1,
      "478": 2,
      "479": 2,
      "480": 2,
      "481": 2,
      "482": 2,
      "484": 23,
      "485": 11,
      "486": 11,
      "487": 11,
      "488": 9,
      "490": 9,
      "491": 9,
      "492": 9,
      "493": 9,
      "494": 9,
      "495": 11,
      "496": 2,
      "498": 2,
      "499": 2,
      "502": 2,
      "503": 2,
      "504": 2,
      "505": 11,
      "507": 23,
      "512": 11,
      "513": 11,
      "525": 11,
      "526": 11,
      "527": 11,
      "528": 11,
      "529": 11,
      "530": 11,
      "540": 11,
      "541": 8,
      "542": 8,
      "543": 8,
      "544": 8,
      "545": 3,
      "546": 2,
      "547": 1,
      "548": 1,
      "549": 1,
      "550": 1,
      "551": 1,
      "552": 1,
      "553": 1,
      "554": 1,
      "555": 1,
      "556": 1,
      "557": 1,
      "558": 1,
      "559": 1,
      "560": 1,
      "562": 11,
      "563": 11,
      "564": 11,
      "565": 11,
      "566": 11,
      "568": 11,
      "569": 11,
      "570": 11,
      "571": 11,
      "572": 11,
      "573": 11,
      "575": 23,
      "576": 1,
      "577": 1,
      "578": 1,
      "579": 1,
      "580": 1,
      "581": 1,
      "582": 1,
      "584": 23,
      "585": 23,
      "586": 23,
      "587": 23,
      "588": 23,
      "589": 23,
      "591": 1,
      "592": 1,
      "601": 13,
      "602": 13,
      "603": 13,
      "605": 13,
      "606": 13,
      "607": 13,
      "608": 13,
      "609": 13,
      "610": 13,
      "611": 13,
      "612": 13,
      "645": 1,
      "649": 12,
      "650": 12,
      "651": 12,
      "652": 12,
      "657": 12,
      "658": 12,
      "659": 12,
      "661": 12,
      "662": 11,
      "664": 12,
      "665": 1,
      "667": 12,
      "668": 6,
      "669": 6,
      "670": 6,
      "671": 6,
      "672": 6,
      "673": 6,
      "675": 12,
      "676": 3,
      "678": 12,
      "679": 1,
      "680": 1,
      "681": 1,
      "682": 1,
      "684": 1,
      "685": 1,
      "686": 1,
      "687": 1,
      "689": 1,
      "690": 1,
      "691": 1,
      "692": 1,
      "701": 1,
      "702": 1,
      "704": 12,
      "705": 12,
      "706": 12,
      "707": 12,
      "708": 12,
      "709": 12,
      "710": 12,
      "711": 12,
      "717": 1,
      "742": 1,
      "743": 1,
      "747": 6,
      "748": 6,
      "749": 6,
      "754": 6,
      "760": 6,
      "762": 6,
      "763": 6,
      "764": 6,
      "765": 6,
      "766": 1,
      "767": 1,
      "768": 1,
      "770": 1,
      "771": 1,
      "772": 1,
      "773": 1,
      "774": 1,
      "775": 1,
      "776": 6,
      "777": 6,
      "779": 5,
      "780": 6,
      "781": 1,
      "783": 1,
      "808": 1,
      "809": 1,
      "813": 33,
      "814": 33,
      "815": 33,
      "820": 33,
      "821": 33,
      "822": 33,
      "823": 33,
      "824": 33,
      "826": 33,
      "827": 33,
      "829": 33,
      "830": 33,
      "831": 33,
      "832": 33,
      "833": 1,
      "834": 1,
      "835": 1,
      "837": 1,
      "838": 1,
      "839": 1,
      "840": 1,
      "841": 1,
      "842": 1,
      "843": 33,
      "844": 33,
      "846": 32,
      "847": 33,
      "848": 1,
      "854": 1,
      "855": 1,
      "856": 1,
      "857": 1,
      "858": 1,
      "859": 1,
      "860": 1,
      "861": 1,
      "862": 6,
      "863": 6,
      "864": 1,
      "866": 1,
      "867": 1,
      "868": 1,
      "869": 1,
      "870": 1,
      "871": 1,
      "872": 1,
      "873": 8,
      "874": 8,
      "875": 8,
      "876": 8,
      "877": 8,
      "878": 8,
      "879": 1,
      "881": 1,
      "882": 1,
      "883": 1,
      "884": 1,
      "885": 1,
      "886": 1,
      "887": 1,
      "888": 1,
      "889": 2,
      "890": 2,
      "891": 2,
      "892": 2,
      "893": 2,
      "894": 2,
      "895": 1,
      "897": 1,
      "898": 1,
      "899": 1,
      "900": 1,
      "901": 1,
      "902": 1,
      "903": 1,
      "904": 1,
      "905": 6,
      "906": 6,
      "907": 6,
      "908": 6,
      "909": 6,
      "910": 6,
      "911": 1,
      "913": 1,
      "914": 16,
      "915": 16,
      "916": 16,
      "917": 16,
      "921": 16
    },
    "branchMap": {
      "0": {
        "type": "branch",
        "line": 69,
        "loc": {
          "start": { "line": 69, "column": 34 },
          "end": { "line": 120, "column": 2 }
        },
        "locations": [
          {
            "start": { "line": 69, "column": 34 },
            "end": { "line": 120, "column": 2 }
          }
        ]
      },
      "1": {
        "type": "branch",
        "line": 87,
        "loc": {
          "start": { "line": 87, "column": 11 },
          "end": { "line": 118, "column": 6 }
        },
        "locations": [
          {
            "start": { "line": 87, "column": 11 },
            "end": { "line": 118, "column": 6 }
          }
        ]
      },
      "2": {
        "type": "branch",
        "line": 104,
        "loc": {
          "start": { "line": 104, "column": 6 },
          "end": { "line": 108, "column": 11 }
        },
        "locations": [
          {
            "start": { "line": 104, "column": 6 },
            "end": { "line": 108, "column": 11 }
          }
        ]
      },
      "3": {
        "type": "branch",
        "line": 108,
        "loc": {
          "start": { "line": 108, "column": 10 },
          "end": { "line": 112, "column": 12 }
        },
        "locations": [
          {
            "start": { "line": 108, "column": 10 },
            "end": { "line": 112, "column": 12 }
          }
        ]
      },
      "4": {
        "type": "branch",
        "line": 103,
        "loc": {
          "start": { "line": 103, "column": 8 },
          "end": { "line": 103, "column": 59 }
        },
        "locations": [
          {
            "start": { "line": 103, "column": 8 },
            "end": { "line": 103, "column": 59 }
          }
        ]
      },
      "5": {
        "type": "branch",
        "line": 122,
        "loc": {
          "start": { "line": 122, "column": 37 },
          "end": { "line": 127, "column": 50 }
        },
        "locations": [
          {
            "start": { "line": 122, "column": 37 },
            "end": { "line": 127, "column": 50 }
          }
        ]
      },
      "6": {
        "type": "branch",
        "line": 129,
        "loc": {
          "start": { "line": 129, "column": 42 },
          "end": { "line": 144, "column": 4 }
        },
        "locations": [
          {
            "start": { "line": 129, "column": 42 },
            "end": { "line": 144, "column": 4 }
          }
        ]
      },
      "7": {
        "type": "branch",
        "line": 146,
        "loc": {
          "start": { "line": 146, "column": 34 },
          "end": { "line": 299, "column": 2 }
        },
        "locations": [
          {
            "start": { "line": 146, "column": 34 },
            "end": { "line": 299, "column": 2 }
          }
        ]
      },
      "8": {
        "type": "branch",
        "line": 161,
        "loc": {
          "start": { "line": 161, "column": 17 },
          "end": { "line": 196, "column": 7 }
        },
        "locations": [
          {
            "start": { "line": 161, "column": 17 },
            "end": { "line": 196, "column": 7 }
          }
        ]
      },
      "9": {
        "type": "branch",
        "line": 169,
        "loc": {
          "start": { "line": 169, "column": 15 },
          "end": { "line": 196, "column": 5 }
        },
        "locations": [
          {
            "start": { "line": 169, "column": 15 },
            "end": { "line": 196, "column": 5 }
          }
        ]
      },
      "10": {
        "type": "branch",
        "line": 180,
        "loc": {
          "start": { "line": 180, "column": 39 },
          "end": { "line": 192, "column": 10 }
        },
        "locations": [
          {
            "start": { "line": 180, "column": 39 },
            "end": { "line": 192, "column": 10 }
          }
        ]
      },
      "11": {
        "type": "branch",
        "line": 198,
        "loc": {
          "start": { "line": 198, "column": 16 },
          "end": { "line": 247, "column": 7 }
        },
        "locations": [
          {
            "start": { "line": 198, "column": 16 },
            "end": { "line": 247, "column": 7 }
          }
        ]
      },
      "12": {
        "type": "branch",
        "line": 207,
        "loc": {
          "start": { "line": 207, "column": 15 },
          "end": { "line": 247, "column": 5 }
        },
        "locations": [
          {
            "start": { "line": 207, "column": 15 },
            "end": { "line": 247, "column": 5 }
          }
        ]
      },
      "13": {
        "type": "branch",
        "line": 221,
        "loc": {
          "start": { "line": 221, "column": 10 },
          "end": { "line": 231, "column": 8 }
        },
        "locations": [
          {
            "start": { "line": 221, "column": 10 },
            "end": { "line": 231, "column": 8 }
          }
        ]
      },
      "14": {
        "type": "branch",
        "line": 231,
        "loc": {
          "start": { "line": 231, "column": 6 },
          "end": { "line": 246, "column": 8 }
        },
        "locations": [
          {
            "start": { "line": 231, "column": 6 },
            "end": { "line": 246, "column": 8 }
          }
        ]
      },
      "15": {
        "type": "branch",
        "line": 225,
        "loc": {
          "start": { "line": 225, "column": 42 },
          "end": { "line": 228, "column": 42 }
        },
        "locations": [
          {
            "start": { "line": 225, "column": 42 },
            "end": { "line": 228, "column": 42 }
          }
        ]
      },
      "16": {
        "type": "branch",
        "line": 226,
        "loc": {
          "start": { "line": 226, "column": 20 },
          "end": { "line": 227, "column": 37 }
        },
        "locations": [
          {
            "start": { "line": 226, "column": 20 },
            "end": { "line": 227, "column": 37 }
          }
        ]
      },
      "17": {
        "type": "branch",
        "line": 227,
        "loc": {
          "start": { "line": 227, "column": 36 },
          "end": { "line": 228, "column": 42 }
        },
        "locations": [
          {
            "start": { "line": 227, "column": 36 },
            "end": { "line": 228, "column": 42 }
          }
        ]
      },
      "18": {
        "type": "branch",
        "line": 233,
        "loc": {
          "start": { "line": 233, "column": 28 },
          "end": { "line": 245, "column": 10 }
        },
        "locations": [
          {
            "start": { "line": 233, "column": 28 },
            "end": { "line": 245, "column": 10 }
          }
        ]
      },
      "19": {
        "type": "branch",
        "line": 249,
        "loc": {
          "start": { "line": 249, "column": 18 },
          "end": { "line": 284, "column": 7 }
        },
        "locations": [
          {
            "start": { "line": 249, "column": 18 },
            "end": { "line": 284, "column": 7 }
          }
        ]
      },
      "20": {
        "type": "branch",
        "line": 258,
        "loc": {
          "start": { "line": 258, "column": 15 },
          "end": { "line": 284, "column": 5 }
        },
        "locations": [
          {
            "start": { "line": 258, "column": 15 },
            "end": { "line": 284, "column": 5 }
          }
        ]
      },
      "21": {
        "type": "branch",
        "line": 270,
        "loc": {
          "start": { "line": 270, "column": 28 },
          "end": { "line": 282, "column": 10 }
        },
        "locations": [
          {
            "start": { "line": 270, "column": 28 },
            "end": { "line": 282, "column": 10 }
          }
        ]
      },
      "22": {
        "type": "branch",
        "line": 286,
        "loc": {
          "start": { "line": 286, "column": 18 },
          "end": { "line": 291, "column": 61 }
        },
        "locations": [
          {
            "start": { "line": 286, "column": 18 },
            "end": { "line": 291, "column": 61 }
          }
        ]
      },
      "23": {
        "type": "branch",
        "line": 291,
        "loc": {
          "start": { "line": 291, "column": 22 },
          "end": { "line": 291, "column": 59 }
        },
        "locations": [
          {
            "start": { "line": 291, "column": 22 },
            "end": { "line": 291, "column": 59 }
          }
        ]
      },
      "24": {
        "type": "branch",
        "line": 301,
        "loc": {
          "start": { "line": 301, "column": 37 },
          "end": { "line": 306, "column": 50 }
        },
        "locations": [
          {
            "start": { "line": 301, "column": 37 },
            "end": { "line": 306, "column": 50 }
          }
        ]
      },
      "25": {
        "type": "branch",
        "line": 308,
        "loc": {
          "start": { "line": 308, "column": 42 },
          "end": { "line": 323, "column": 4 }
        },
        "locations": [
          {
            "start": { "line": 308, "column": 42 },
            "end": { "line": 323, "column": 4 }
          }
        ]
      },
      "26": {
        "type": "branch",
        "line": 417,
        "loc": {
          "start": { "line": 417, "column": 36 },
          "end": { "line": 590, "column": 2 }
        },
        "locations": [
          {
            "start": { "line": 417, "column": 36 },
            "end": { "line": 590, "column": 2 }
          }
        ]
      },
      "27": {
        "type": "branch",
        "line": 438,
        "loc": {
          "start": { "line": 438, "column": 21 },
          "end": { "line": 483, "column": 4 }
        },
        "locations": [
          {
            "start": { "line": 438, "column": 21 },
            "end": { "line": 483, "column": 4 }
          }
        ]
      },
      "28": {
        "type": "branch",
        "line": 459,
        "loc": {
          "start": { "line": 459, "column": 21 },
          "end": { "line": 469, "column": 20 }
        },
        "locations": [
          {
            "start": { "line": 459, "column": 21 },
            "end": { "line": 469, "column": 20 }
          }
        ]
      },
      "29": {
        "type": "branch",
        "line": 462,
        "loc": {
          "start": { "line": 462, "column": 32 },
          "end": { "line": 467, "column": 14 }
        },
        "locations": [
          {
            "start": { "line": 462, "column": 32 },
            "end": { "line": 467, "column": 14 }
          }
        ]
      },
      "30": {
        "type": "branch",
        "line": 466,
        "loc": {
          "start": { "line": 466, "column": 14 },
          "end": { "line": 466, "column": 74 }
        },
        "locations": [
          {
            "start": { "line": 466, "column": 14 },
            "end": { "line": 466, "column": 74 }
          }
        ]
      },
      "31": {
        "type": "branch",
        "line": 473,
        "loc": {
          "start": { "line": 473, "column": 10 },
          "end": { "line": 478, "column": 15 }
        },
        "locations": [
          {
            "start": { "line": 473, "column": 10 },
            "end": { "line": 478, "column": 15 }
          }
        ]
      },
      "32": {
        "type": "branch",
        "line": 485,
        "loc": {
          "start": { "line": 485, "column": 44 },
          "end": { "line": 506, "column": 36 }
        },
        "locations": [
          {
            "start": { "line": 485, "column": 44 },
            "end": { "line": 506, "column": 36 }
          }
        ]
      },
      "33": {
        "type": "branch",
        "line": 488,
        "loc": {
          "start": { "line": 488, "column": 27 },
          "end": { "line": 496, "column": 11 }
        },
        "locations": [
          {
            "start": { "line": 488, "column": 27 },
            "end": { "line": 496, "column": 11 }
          }
        ]
      },
      "34": {
        "type": "branch",
        "line": 496,
        "loc": {
          "start": { "line": 496, "column": 4 },
          "end": { "line": 505, "column": 5 }
        },
        "locations": [
          {
            "start": { "line": 496, "column": 4 },
            "end": { "line": 505, "column": 5 }
          }
        ]
      },
      "35": {
        "type": "branch",
        "line": 508,
        "loc": {
          "start": { "line": 508, "column": 47 },
          "end": { "line": 574, "column": 4 }
        },
        "locations": [
          {
            "start": { "line": 508, "column": 47 },
            "end": { "line": 574, "column": 4 }
          }
        ]
      },
      "36": {
        "type": "branch",
        "line": 541,
        "loc": {
          "start": { "line": 541, "column": 28 },
          "end": { "line": 545, "column": 11 }
[...]
        },
        "line": 58
      },
      "14": {
        "name": "layer",
        "decl": {
          "start": { "line": 59, "column": 26 },
          "end": { "line": 60, "column": 58 }
        },
        "loc": {
          "start": { "line": 59, "column": 26 },
          "end": { "line": 60, "column": 58 }
        },
        "line": 59
      },
      "15": {
        "name": "<static_initializer>",
        "decl": {
          "start": { "line": 65, "column": 64 },
          "end": { "line": 68, "column": 1 }
        },
        "loc": {
          "start": { "line": 65, "column": 64 },
          "end": { "line": 68, "column": 1 }
        },
        "line": 65
      },
      "16": {
        "name": "layer",
        "decl": {
          "start": { "line": 66, "column": 26 },
          "end": { "line": 67, "column": 58 }
        },
        "loc": {
          "start": { "line": 66, "column": 26 },
          "end": { "line": 67, "column": 58 }
        },
        "line": 66
      },
      "17": {
        "name": "<static_initializer>",
        "decl": {
          "start": { "line": 72, "column": 76 },
          "end": { "line": 75, "column": 1 }
        },
        "loc": {
          "start": { "line": 72, "column": 76 },
          "end": { "line": 75, "column": 1 }
        },
        "line": 72
      },
      "18": {
        "name": "layer",
        "decl": {
          "start": { "line": 73, "column": 26 },
          "end": { "line": 74, "column": 70 }
        },
        "loc": {
          "start": { "line": 73, "column": 26 },
          "end": { "line": 74, "column": 70 }
        },
        "line": 73
      },
      "19": {
        "name": "get message",
        "decl": {
          "start": { "line": 82, "column": 2 },
          "end": { "line": 84, "column": 3 }
        },
        "loc": {
          "start": { "line": 82, "column": 2 },
          "end": { "line": 84, "column": 3 }
        },
        "line": 82
      }
    },
    "f": {
      "0": 60,
      "1": 2,
      "2": 1,
      "3": 1,
      "4": 31,
      "5": 1,
      "6": 2,
      "7": 2,
      "8": 1,
      "9": 19,
      "10": 2,
      "11": 1,
      "12": 1,
      "13": 8,
      "14": 60,
      "15": 8,
      "16": 31,
      "17": 8,
      "18": 19,
      "19": 18
    }
  },
  "/home/andres/devx-op/monorepo/packages/confect/src/server/vector_search.ts": {
    "path": "/home/andres/devx-op/monorepo/packages/confect/src/server/vector_search.ts",
    "all": false,
    "statementMap": {
      "7": {
        "start": { "line": 8, "column": 0 },
        "end": { "line": 8, "column": 48 }
      },
      "19": {
        "start": { "line": 20, "column": 0 },
        "end": { "line": 20, "column": 12 }
      },
      "20": {
        "start": { "line": 21, "column": 0 },
        "end": { "line": 21, "column": 53 }
      },
      "21": {
        "start": { "line": 22, "column": 0 },
        "end": { "line": 22, "column": 49 }
      },
      "23": {
        "start": { "line": 24, "column": 0 },
        "end": { "line": 24, "column": 3 }
      },
      "29": {
        "start": { "line": 30, "column": 0 },
        "end": { "line": 30, "column": 25 }
      },
      "30": {
        "start": { "line": 31, "column": 0 },
        "end": { "line": 31, "column": 25 }
      },
      "31": {
        "start": { "line": 32, "column": 0 },
        "end": { "line": 32, "column": 18 }
      },
      "41": {
        "start": { "line": 42, "column": 0 },
        "end": { "line": 42, "column": 68 }
      },
      "43": {
        "start": { "line": 44, "column": 0 },
        "end": { "line": 44, "column": 79 }
      },
      "44": {
        "start": { "line": 45, "column": 0 },
        "end": { "line": 45, "column": 45 }
      },
      "45": {
        "start": { "line": 46, "column": 0 },
        "end": { "line": 46, "column": 2 }
      },
      "48": {
        "start": { "line": 49, "column": 0 },
        "end": { "line": 49, "column": 41 }
      },
      "51": {
        "start": { "line": 52, "column": 0 },
        "end": { "line": 52, "column": 47 }
      },
      "52": {
        "start": { "line": 53, "column": 0 },
        "end": { "line": 53, "column": 60 }
      }
    },
    "s": {
      "7": 1,
      "19": 1,
      "20": 1,
      "21": 15,
      "23": 15,
      "29": 2,
      "30": 2,
      "31": 2,
      "41": 2,
      "43": 1,
      "44": 1,
      "45": 1,
      "48": 1,
      "51": 15,
      "52": 15
    },
    "branchMap": {
      "0": {
        "type": "branch",
        "line": 21,
        "loc": {
          "start": { "line": 21, "column": 2 },
          "end": { "line": 42, "column": 68 }
        },
        "locations": [
          {
            "start": { "line": 21, "column": 2 },
            "end": { "line": 42, "column": 68 }
          }
        ]
      },
      "1": {
        "type": "branch",
        "line": 24,
        "loc": {
          "start": { "line": 24, "column": 2 },
          "end": { "line": 42, "column": 68 }
        },
        "locations": [
          {
            "start": { "line": 24, "column": 2 },
            "end": { "line": 42, "column": 68 }
          }
        ]
      },
      "2": {
        "type": "branch",
        "line": 42,
        "loc": {
          "start": { "line": 42, "column": 19 },
          "end": { "line": 42, "column": 66 }
        },
        "locations": [
          {
            "start": { "line": 42, "column": 19 },
            "end": { "line": 42, "column": 66 }
          }
        ]
      },
      "3": {
        "type": "branch",
        "line": 49,
        "loc": {
          "start": { "line": 49, "column": 40 },
          "end": { "line": 53, "column": 60 }
        },
        "locations": [
          {
            "start": { "line": 49, "column": 40 },
            "end": { "line": 53, "column": 60 }
          }
        ]
      }
    },
    "b": { "0": [15], "1": [2], "2": [2], "3": [15] },
    "fnMap": {
      "0": {
        "name": "make",
        "decl": {
          "start": { "line": 21, "column": 2 },
          "end": { "line": 42, "column": 68 }
        },
        "loc": {
          "start": { "line": 21, "column": 2 },
          "end": { "line": 42, "column": 68 }
        },
        "line": 21
      },
      "1": {
        "name": "confectVectorSearchLayer",
        "decl": {
          "start": { "line": 49, "column": 40 },
          "end": { "line": 53, "column": 60 }
        },
        "loc": {
          "start": { "line": 49, "column": 40 },
          "end": { "line": 53, "column": 60 }
        },
        "line": 49
      }
    },
    "f": { "0": 15, "1": 15 }
  },
  "/home/andres/devx-op/monorepo/packages/confect/src/server/schemas/GenericId.ts": {
    "path": "/home/andres/devx-op/monorepo/packages/confect/src/server/schemas/GenericId.ts",
    "all": false,
    "statementMap": {
      "1": {
        "start": { "line": 2, "column": 0 },
        "end": { "line": 2, "column": 56 }
      },
      "3": {
        "start": { "line": 4, "column": 0 },
        "end": { "line": 4, "column": 40 }
      },
      "5": {
        "start": { "line": 6, "column": 0 },
        "end": { "line": 6, "column": 52 }
      },
      "6": {
        "start": { "line": 7, "column": 0 },
        "end": { "line": 7, "column": 23 }
      },
      "8": {
        "start": { "line": 9, "column": 0 },
        "end": { "line": 9, "column": 21 }
      },
      "9": {
        "start": { "line": 10, "column": 0 },
        "end": { "line": 10, "column": 50 }
      },
      "10": {
        "start": { "line": 11, "column": 0 },
        "end": { "line": 11, "column": 60 }
      },
      "14": {
        "start": { "line": 15, "column": 0 },
        "end": { "line": 15, "column": 52 }
      },
      "15": {
        "start": { "line": 16, "column": 0 },
        "end": { "line": 16, "column": 21 }
      },
      "17": {
        "start": { "line": 18, "column": 0 },
        "end": { "line": 18, "column": 52 }
      }
    },
    "s": {
      "1": 1,
      "3": 1,
      "5": 1,
      "6": 158,
      "8": 158,
      "9": 158,
      "10": 158,
      "14": 1,
      "15": 285,
      "17": 285
    },
    "branchMap": {
      "0": {
        "type": "branch",
        "line": 6,
        "loc": {
          "start": { "line": 6, "column": 25 },
          "end": { "line": 11, "column": 60 }
        },
        "locations": [
          {
            "start": { "line": 6, "column": 25 },
            "end": { "line": 11, "column": 60 }
          }
        ]
      },
      "1": {
        "type": "branch",
        "line": 15,
        "loc": {
          "start": { "line": 15, "column": 25 },
          "end": { "line": 18, "column": 52 }
        },
        "locations": [
          {
            "start": { "line": 15, "column": 25 },
            "end": { "line": 18, "column": 52 }
          }
        ]
      }
    },
    "b": { "0": [158], "1": [285] },
    "fnMap": {
      "0": {
        "name": "GenericId",
        "decl": {
          "start": { "line": 6, "column": 25 },
          "end": { "line": 11, "column": 60 }
        },
        "loc": {
          "start": { "line": 6, "column": 25 },
          "end": { "line": 11, "column": 60 }
        },
        "line": 6
      },
      "1": {
        "name": "tableName",
        "decl": {
          "start": { "line": 15, "column": 25 },
          "end": { "line": 18, "column": 52 }
        },
        "loc": {
          "start": { "line": 15, "column": 25 },
          "end": { "line": 18, "column": 52 }
        },
        "line": 15
      }
    },
    "f": { "0": 158, "1": 285 }
  },
  "/home/andres/devx-op/monorepo/packages/confect/src/server/schemas/PaginationResult.ts": {
    "path": "/home/andres/devx-op/monorepo/packages/confect/src/server/schemas/PaginationResult.ts",
    "all": false,
    "statementMap": {
      "0": {
        "start": { "line": 1, "column": 0 },
        "end": { "line": 1, "column": 32 }
      },
      "2": {
        "start": { "line": 3, "column": 0 },
        "end": { "line": 3, "column": 73 }
      },
      "3": {
        "start": { "line": 4, "column": 0 },
        "end": { "line": 4, "column": 11 }
      },
      "5": {
        "start": { "line": 6, "column": 0 },
        "end": { "line": 6, "column": 17 }
      },
      "6": {
        "start": { "line": 7, "column": 0 },
        "end": { "line": 7, "column": 28 }
      },
      "7": {
        "start": { "line": 8, "column": 0 },
        "end": { "line": 8, "column": 27 }
      },
      "8": {
        "start": { "line": 9, "column": 0 },
        "end": { "line": 9, "column": 34 }
      },
      "9": {
        "start": { "line": 10, "column": 0 },
        "end": { "line": 10, "column": 75 }
      },
      "10": {
        "start": { "line": 11, "column": 0 },
        "end": { "line": 11, "column": 32 }
      },
      "11": {
        "start": { "line": 12, "column": 0 },
        "end": { "line": 12, "column": 19 }
      },
      "12": {
        "start": { "line": 13, "column": 0 },
        "end": { "line": 13, "column": 43 }
      },
      "13": {
        "start": { "line": 14, "column": 0 },
        "end": { "line": 14, "column": 40 }
      },
      "14": {
        "start": { "line": 15, "column": 0 },
        "end": { "line": 15, "column": 20 }
      },
      "15": {
        "start": { "line": 16, "column": 0 },
        "end": { "line": 16, "column": 8 }
      },
      "16": {
        "start": { "line": 17, "column": 0 },
        "end": { "line": 17, "column": 6 }
      },
      "17": {
        "start": { "line": 18, "column": 0 },
        "end": { "line": 18, "column": 5 }
      }
    },
    "s": {
      "0": 1,
      "2": 1,
      "3": 2,
      "5": 2,
      "6": 2,
      "7": 2,
      "8": 2,
      "9": 2,
      "10": 2,
      "11": 2,
      "12": 2,
      "13": 2,
      "14": 2,
      "15": 2,
      "16": 2,
      "17": 2
    },
    "branchMap": {
      "0": {
        "type": "branch",
        "line": 3,
        "loc": {
          "start": { "line": 3, "column": 32 },
          "end": { "line": 18, "column": 5 }
        },
        "locations": [
          {
            "start": { "line": 3, "column": 32 },
            "end": { "line": 18, "column": 5 }
          }
        ]
      }
    },
    "b": { "0": [2] },
    "fnMap": {
      "0": {
        "name": "PaginationResult",
        "decl": {
          "start": { "line": 3, "column": 32 },
          "end": { "line": 18, "column": 5 }
        },
        "loc": {
          "start": { "line": 3, "column": 32 },
          "end": { "line": 18, "column": 5 }
        },
        "line": 3
      }
    },
    "f": { "0": 2 }
  },
  "/home/andres/devx-op/monorepo/packages/confect/src/server/schemas/SystemFields.ts": {
    "path": "/home/andres/devx-op/monorepo/packages/confect/src/server/schemas/SystemFields.ts",
    "all": false,
    "statementMap": {
      "5": {
        "start": { "line": 6, "column": 0 },
        "end": { "line": 6, "column": 32 }
      },
      "6": {
        "start": { "line": 7, "column": 0 },
        "end": { "line": 7, "column": 40 }
      },
      "11": {
        "start": { "line": 12, "column": 0 },
        "end": { "line": 12, "column": 79 }
      },
      "12": {
        "start": { "line": 13, "column": 0 },
        "end": { "line": 13, "column": 17 }
      },
      "13": {
        "start": { "line": 14, "column": 0 },
        "end": { "line": 14, "column": 30 }
      },
      "14": {
        "start": { "line": 15, "column": 0 },
        "end": { "line": 15, "column": 33 }
      },
      "15": {
        "start": { "line": 16, "column": 0 },
        "end": { "line": 16, "column": 5 }
      },
      "20": {
        "start": { "line": 21, "column": 0 },
        "end": { "line": 21, "column": 39 }
      },
      "24": {
        "start": { "line": 25, "column": 0 },
        "end": { "line": 25, "column": 23 }
      },
      "25": {
        "start": { "line": 26, "column": 0 },
        "end": { "line": 26, "column": 22 }
      },
      "27": {
        "start": { "line": 28, "column": 0 },
        "end": { "line": 28, "column": 49 }
      }
    },
    "s": {
      "5": 1,
      "6": 1,
      "11": 1,
      "12": 129,
      "13": 129,
      "14": 129,
      "15": 129,
      "20": 1,
      "24": 129,
      "25": 129,
      "27": 129
    },
    "branchMap": {
      "0": {
        "type": "branch",
        "line": 12,
        "loc": {
          "start": { "line": 12, "column": 28 },
          "end": { "line": 16, "column": 5 }
        },
        "locations": [
          {
            "start": { "line": 12, "column": 28 },
            "end": { "line": 16, "column": 5 }
          }
        ]
      },
      "1": {
        "type": "branch",
        "line": 21,
        "loc": {
          "start": { "line": 21, "column": 38 },
          "end": { "line": 28, "column": 49 }
        },
        "locations": [
          {
            "start": { "line": 21, "column": 38 },
            "end": { "line": 28, "column": 49 }
          }
        ]
      }
    },
    "b": { "0": [129], "1": [129] },
    "fnMap": {
      "0": {
        "name": "SystemFields",
        "decl": {
          "start": { "line": 12, "column": 28 },
          "end": { "line": 16, "column": 5 }
        },
        "loc": {
          "start": { "line": 12, "column": 28 },
          "end": { "line": 16, "column": 5 }
        },
        "line": 12
      },
      "1": {
        "name": "extendWithSystemFields",
        "decl": {
          "start": { "line": 21, "column": 38 },
          "end": { "line": 28, "column": 49 }
        },
        "loc": {
          "start": { "line": 21, "column": 38 },
          "end": { "line": 28, "column": 49 }
        },
        "line": 21
      }
    },
    "f": { "0": 129, "1": 129 }
  },
  "/home/andres/devx-op/monorepo/packages/confect/src/server/schemas/UserIdentity.ts": {
    "path": "/home/andres/devx-op/monorepo/packages/confect/src/server/schemas/UserIdentity.ts",
    "all": false,
    "statementMap": {
      "0": {
        "start": { "line": 1, "column": 0 },
        "end": { "line": 1, "column": 32 }
      },
      "2": {
        "start": { "line": 3, "column": 0 },
        "end": { "line": 3, "column": 78 }
      },
      "3": {
        "start": { "line": 4, "column": 0 },
        "end": { "line": 4, "column": 41 }
      },
      "5": {
        "start": { "line": 6, "column": 0 },
        "end": { "line": 6, "column": 17 }
      },
      "6": {
        "start": { "line": 7, "column": 0 },
        "end": { "line": 7, "column": 26 }
      },
      "7": {
        "start": { "line": 8, "column": 0 },
        "end": { "line": 8, "column": 35 }
      },
      "8": {
        "start": { "line": 9, "column": 0 },
        "end": { "line": 9, "column": 27 }
      },
      "9": {
        "start": { "line": 10, "column": 0 },
        "end": { "line": 10, "column": 26 }
      },
      "10": {
        "start": { "line": 11, "column": 0 },
        "end": { "line": 11, "column": 41 }
      },
      "11": {
        "start": { "line": 12, "column": 0 },
        "end": { "line": 12, "column": 46 }
      },
      "12": {
        "start": { "line": 13, "column": 0 },
        "end": { "line": 13, "column": 47 }
      },
      "13": {
        "start": { "line": 14, "column": 0 },
        "end": { "line": 14, "column": 45 }
      },
      "14": {
        "start": { "line": 15, "column": 0 },
        "end": { "line": 15, "column": 54 }
      },
      "15": {
        "start": { "line": 16, "column": 0 },
        "end": { "line": 16, "column": 47 }
      },
      "16": {
        "start": { "line": 17, "column": 0 },
        "end": { "line": 17, "column": 47 }
      },
      "17": {
        "start": { "line": 18, "column": 0 },
        "end": { "line": 18, "column": 42 }
      },
      "18": {
        "start": { "line": 19, "column": 0 },
        "end": { "line": 19, "column": 51 }
      },
      "19": {
        "start": { "line": 20, "column": 0 },
        "end": { "line": 20, "column": 43 }
      },
      "20": {
        "start": { "line": 21, "column": 0 },
        "end": { "line": 21, "column": 45 }
      },
      "21": {
        "start": { "line": 22, "column": 0 },
        "end": { "line": 22, "column": 45 }
      },
      "22": {
        "start": { "line": 23, "column": 0 },
        "end": { "line": 23, "column": 45 }
      },
      "23": {
        "start": { "line": 24, "column": 0 },
        "end": { "line": 24, "column": 48 }
      },
      "24": {
        "start": { "line": 25, "column": 0 },
        "end": { "line": 25, "column": 57 }
      },
      "25": {
        "start": { "line": 26, "column": 0 },
        "end": { "line": 26, "column": 44 }
      },
      "26": {
        "start": { "line": 27, "column": 0 },
        "end": { "line": 27, "column": 46 }
      },
      "27": {
        "start": { "line": 28, "column": 0 },
        "end": { "line": 28, "column": 5 }
      }
    },
    "s": {
      "0": 1,
      "2": 1,
      "3": 2,
      "5": 2,
      "6": 2,
      "7": 2,
      "8": 2,
      "9": 2,
      "10": 2,
      "11": 2,
      "12": 2,
      "13": 2,
      "14": 2,
      "15": 2,
      "16": 2,
      "17": 2,
      "18": 2,
      "19": 2,
      "20": 2,
      "21": 2,
      "22": 2,
      "23": 2,
      "24": 2,
      "25": 2,
      "26": 2,
      "27": 2
    },
    "branchMap": {
      "0": {
        "type": "branch",
        "line": 3,
        "loc": {
          "start": { "line": 3, "column": 28 },
          "end": { "line": 28, "column": 5 }
        },
        "locations": [
          {
            "start": { "line": 3, "column": 28 },
            "end": { "line": 28, "column": 5 }
          }
        ]
      }
    },
    "b": { "0": [2] },
    "fnMap": {
      "0": {
        "name": "UserIdentity",
        "decl": {
          "start": { "line": 3, "column": 28 },
          "end": { "line": 28, "column": 5 }
        },
        "loc": {
          "start": { "line": 3, "column": 28 },
          "end": { "line": 28, "column": 5 }
        },
        "line": 3
      }
    },
    "f": { "0": 2 }
  }
}
